[focr-timing] preprocess 0.02s
[focr-timing]     sam.hydrate 0.11s
[focr-timing]       sam.block attn(win) 0.072s
[focr-timing]       sam.block mlp 0.124s
[focr-timing]       sam.block attn(win) 0.072s
[focr-timing]       sam.block mlp 0.119s
[focr-timing]       sam.block attn(GLOBAL) 0.300s
[focr-timing]       sam.block mlp 0.126s
[focr-timing]       sam.block attn(win) 0.069s
[focr-timing]       sam.block mlp 0.121s
[focr-timing]       sam.block attn(win) 0.072s
[focr-timing]       sam.block mlp 0.122s
[focr-timing]       sam.block attn(GLOBAL) 0.296s
[focr-timing]       sam.block mlp 0.126s
[focr-timing]       sam.block attn(win) 0.071s
[focr-timing]       sam.block mlp 0.122s
[focr-timing]       sam.block attn(win) 0.072s
[focr-timing]       sam.block mlp 0.126s
[focr-timing]       sam.block attn(GLOBAL) 0.297s
[focr-timing]       sam.block mlp 0.121s
[focr-timing]       sam.block attn(win) 0.073s
[focr-timing]       sam.block mlp 0.124s
[focr-timing]       sam.block attn(win) 0.072s
[focr-timing]       sam.block mlp 0.124s
[focr-timing]       sam.block attn(GLOBAL) 0.294s
[focr-timing]       sam.block mlp 0.123s
[focr-timing]     sam.blocks 3.27s
[focr-timing]     sam.forward 3.36s
[focr-timing]   vision.sam 3.47s
[focr-timing]     clip.hydrate(cached) 0.40s
[focr-timing]     clip.blocks 0.59s
[focr-timing]   vision.clip 0.99s
[focr-timing]   vision.bridge 0.01s
[focr-timing] vision_tower 4.47s
[focr-timing] weight_cache_build 0.42s
[focr-timing] prefill 0.64s (277 tokens)
[focr-timing] decode 0.83s (32 tokens, 0.026s/tok)
[focr-timing] decode phases (ms): lm_head 329  attn 288  experts 179  route 28
real 6.62
user 31.66
sys 2.65
