[focr-timing] preprocess 0.02s
[focr-timing]     sam.hydrate 0.10s
[focr-timing]       sam.block attn(win) 0.073s
[focr-timing]       sam.block mlp 0.125s
[focr-timing]       sam.block attn(win) 0.071s
[focr-timing]       sam.block mlp 0.127s
[focr-timing]       sam.block attn(GLOBAL) 0.315s
[focr-timing]       sam.block mlp 0.127s
[focr-timing]       sam.block attn(win) 0.075s
[focr-timing]       sam.block mlp 0.121s
[focr-timing]       sam.block attn(win) 0.074s
[focr-timing]       sam.block mlp 0.122s
[focr-timing]       sam.block attn(GLOBAL) 0.301s
[focr-timing]       sam.block mlp 0.122s
[focr-timing]       sam.block attn(win) 0.077s
[focr-timing]       sam.block mlp 0.128s
[focr-timing]       sam.block attn(win) 0.078s
[focr-timing]       sam.block mlp 0.126s
[focr-timing]       sam.block attn(GLOBAL) 0.301s
[focr-timing]       sam.block mlp 0.131s
[focr-timing]       sam.block attn(win) 0.074s
[focr-timing]       sam.block mlp 0.126s
[focr-timing]       sam.block attn(win) 0.070s
[focr-timing]       sam.block mlp 0.123s
[focr-timing]       sam.block attn(GLOBAL) 0.300s
[focr-timing]       sam.block mlp 0.124s
[focr-timing]     sam.blocks 3.35s
[focr-timing]     sam.forward 3.43s
[focr-timing]   vision.sam 3.55s
[focr-timing]     clip.hydrate(cached) 0.37s
[focr-timing]     clip.blocks 0.59s
[focr-timing]   vision.clip 0.96s
[focr-timing]   vision.bridge 0.01s
[focr-timing] vision_tower 4.52s
[focr-timing] weight_cache_build 0.26s
[focr-timing] prefill 0.64s (277 tokens)
[focr-timing] decode 0.85s (32 tokens, 0.026s/tok)
[focr-timing] decode phases (ms): lm_head 328  attn 303  experts 183  route 27
real 6.94
user 31.67
sys 3.09
