[focr-timing] preprocess 0.02s
[focr-timing]     sam.hydrate 0.11s
[focr-timing]       sam.block attn(win) 0.072s
[focr-timing]       sam.block mlp 0.124s
[focr-timing]       sam.block attn(win) 0.075s
[focr-timing]       sam.block mlp 0.122s
[focr-timing]       sam.block attn(GLOBAL) 0.307s
[focr-timing]       sam.block mlp 0.124s
[focr-timing]       sam.block attn(win) 0.072s
[focr-timing]       sam.block mlp 0.124s
[focr-timing]       sam.block attn(win) 0.073s
[focr-timing]       sam.block mlp 0.125s
[focr-timing]       sam.block attn(GLOBAL) 0.299s
[focr-timing]       sam.block mlp 0.131s
[focr-timing]       sam.block attn(win) 0.072s
[focr-timing]       sam.block mlp 0.126s
[focr-timing]       sam.block attn(win) 0.074s
[focr-timing]       sam.block mlp 0.125s
[focr-timing]       sam.block attn(GLOBAL) 0.297s
[focr-timing]       sam.block mlp 0.126s
[focr-timing]       sam.block attn(win) 0.077s
[focr-timing]       sam.block mlp 0.123s
[focr-timing]       sam.block attn(win) 0.072s
[focr-timing]       sam.block mlp 0.123s
[focr-timing]       sam.block attn(GLOBAL) 0.300s
[focr-timing]       sam.block mlp 0.126s
[focr-timing]     sam.blocks 3.32s
[focr-timing]     sam.forward 3.41s
[focr-timing]   vision.sam 3.52s
[focr-timing]     clip.hydrate(cached) 0.39s
[focr-timing]     clip.blocks 0.59s
[focr-timing]   vision.clip 0.98s
[focr-timing]   vision.bridge 0.01s
[focr-timing] vision_tower 4.52s
[focr-timing] weight_cache_build 0.42s
[focr-timing] prefill 0.61s (277 tokens)
[focr-timing] decode 0.84s (32 tokens, 0.026s/tok)
[focr-timing] decode phases (ms): lm_head 328  attn 296  experts 186  route 28
real 6.64
user 32.04
sys 2.62
