[focr-timing] preprocess 0.02s
[focr-timing]     sam.hydrate 0.11s
[focr-timing]       sam.block attn(win) 0.076s
[focr-timing]       sam.block mlp 0.127s
[focr-timing]       sam.block attn(win) 0.071s
[focr-timing]       sam.block mlp 0.122s
[focr-timing]       sam.block attn(GLOBAL) 0.285s
[focr-timing]       sam.block mlp 0.127s
[focr-timing]       sam.block attn(win) 0.069s
[focr-timing]       sam.block mlp 0.123s
[focr-timing]       sam.block attn(win) 0.075s
[focr-timing]       sam.block mlp 0.124s
[focr-timing]       sam.block attn(GLOBAL) 0.276s
[focr-timing]       sam.block mlp 0.130s
[focr-timing]       sam.block attn(win) 0.069s
[focr-timing]       sam.block mlp 0.128s
[focr-timing]       sam.block attn(win) 0.069s
[focr-timing]       sam.block mlp 0.124s
[focr-timing]       sam.block attn(GLOBAL) 0.279s
[focr-timing]       sam.block mlp 0.132s
[focr-timing]       sam.block attn(win) 0.069s
[focr-timing]       sam.block mlp 0.124s
[focr-timing]       sam.block attn(win) 0.073s
[focr-timing]       sam.block mlp 0.128s
[focr-timing]       sam.block attn(GLOBAL) 0.281s
[focr-timing]       sam.block mlp 0.130s
[focr-timing]     sam.blocks 3.25s
[focr-timing]     sam.forward 3.33s
[focr-timing]   vision.sam 3.44s
[focr-timing]     clip.hydrate(cached) 0.39s
[focr-timing]     clip.blocks 0.63s
[focr-timing]   vision.clip 1.02s
[focr-timing]   vision.bridge 0.01s
[focr-timing] vision_tower 4.47s
[focr-timing] weight_cache_build 0.42s
[focr-timing] prefill 0.64s (277 tokens)
[focr-timing] decode 14.65s (495 tokens, 0.030s/tok)
       20.43 real        95.14 user        17.80 sys
         10094870528  maximum resident set size
                   0  average shared memory size
                   0  average unshared data size
                   0  average unshared stack size
              711764  page reclaims
                   0  page faults
                   0  swaps
                   0  block input operations
                   0  block output operations
                   0  messages sent
                   0  messages received
                   0  signals received
                  18  voluntary context switches
             2814098  involuntary context switches
       1331225191761  instructions retired
        379034066945  cycles elapsed
          5935996848  peak memory footprint
