[focr-timing] preprocess 0.03s
[focr-timing]     sam.hydrate 0.09s
[focr-timing]       sam.block attn(win) 0.069s
[focr-timing]       sam.block mlp 0.119s
[focr-timing]       sam.block attn(win) 0.069s
[focr-timing]       sam.block mlp 0.118s
[focr-timing]       sam.block attn(GLOBAL) 0.304s
[focr-timing]       sam.block mlp 0.121s
[focr-timing]       sam.block attn(win) 0.072s
[focr-timing]       sam.block mlp 0.123s
[focr-timing]       sam.block attn(win) 0.071s
[focr-timing]       sam.block mlp 0.121s
[focr-timing]       sam.block attn(GLOBAL) 0.294s
[focr-timing]       sam.block mlp 0.120s
[focr-timing]       sam.block attn(win) 0.075s
[focr-timing]       sam.block mlp 0.123s
[focr-timing]       sam.block attn(win) 0.069s
[focr-timing]       sam.block mlp 0.124s
[focr-timing]       sam.block attn(GLOBAL) 0.294s
[focr-timing]       sam.block mlp 0.121s
[focr-timing]       sam.block attn(win) 0.069s
[focr-timing]       sam.block mlp 0.115s
[focr-timing]       sam.block attn(win) 0.071s
[focr-timing]       sam.block mlp 0.116s
[focr-timing]       sam.block attn(GLOBAL) 0.292s
[focr-timing]       sam.block mlp 0.121s
[focr-timing]     sam.blocks 3.22s
[focr-timing]     sam.forward 3.31s
[focr-timing]   vision.sam 3.42s
[focr-timing]     clip.hydrate(cached) 0.37s
[focr-timing]     clip.blocks 0.56s
[focr-timing]   vision.clip 0.93s
[focr-timing]   vision.bridge 0.01s
[focr-timing] vision_tower 4.36s
[focr-timing] weight_cache_build_i8 1.13s
[focr-timing] prefill_i8 0.54s (277 tokens)
[focr-timing] decode_i8 1.68s (98 tokens, 0.017s/tok)
