[focr-timing] preprocess 0.02s
[focr-timing]     sam.hydrate 0.10s
[focr-timing]       sam.block attn(win) 0.068s
[focr-timing]       sam.block mlp 0.118s
[focr-timing]       sam.block attn(win) 0.069s
[focr-timing]       sam.block mlp 0.118s
[focr-timing]       sam.block attn(GLOBAL) 0.280s
[focr-timing]       sam.block mlp 0.122s
[focr-timing]       sam.block attn(win) 0.073s
[focr-timing]       sam.block mlp 0.117s
[focr-timing]       sam.block attn(win) 0.069s
[focr-timing]       sam.block mlp 0.117s
[focr-timing]       sam.block attn(GLOBAL) 0.281s
[focr-timing]       sam.block mlp 0.114s
[focr-timing]       sam.block attn(win) 0.068s
[focr-timing]       sam.block mlp 0.121s
[focr-timing]       sam.block attn(win) 0.068s
[focr-timing]       sam.block mlp 0.117s
[focr-timing]       sam.block attn(GLOBAL) 0.275s
[focr-timing]       sam.block mlp 0.115s
[focr-timing]       sam.block attn(win) 0.069s
[focr-timing]       sam.block mlp 0.120s
[focr-timing]       sam.block attn(win) 0.069s
[focr-timing]       sam.block mlp 0.116s
[focr-timing]       sam.block attn(GLOBAL) 0.279s
[focr-timing]       sam.block mlp 0.116s
[focr-timing]     sam.blocks 3.11s
[focr-timing]     sam.forward 3.19s
[focr-timing]   vision.sam 3.31s
[focr-timing]     clip.hydrate(cached) 0.38s
[focr-timing]     clip.blocks 0.55s
[focr-timing]   vision.clip 0.93s
[focr-timing]   vision.bridge 0.01s
[focr-timing] vision_tower 4.25s
[focr-timing] weight_cache_build_i8 1.16s
[focr-timing] prefill_i8 0.46s (277 tokens)
[focr-timing] decode_i8 8.14s (495 tokens, 0.016s/tok)
