[focr-timing] preprocess 0.02s
[focr-timing]     sam.hydrate 0.09s
[focr-timing]       sam.block attn(win) 0.072s
[focr-timing]       sam.block mlp 0.125s
[focr-timing]       sam.block attn(win) 0.071s
[focr-timing]       sam.block mlp 0.113s
[focr-timing]       sam.block attn(GLOBAL) 0.293s
[focr-timing]       sam.block mlp 0.116s
[focr-timing]       sam.block attn(win) 0.071s
[focr-timing]       sam.block mlp 0.114s
[focr-timing]       sam.block attn(win) 0.070s
[focr-timing]       sam.block mlp 0.120s
[focr-timing]       sam.block attn(GLOBAL) 0.282s
[focr-timing]       sam.block mlp 0.115s
[focr-timing]       sam.block attn(win) 0.070s
[focr-timing]       sam.block mlp 0.114s
[focr-timing]       sam.block attn(win) 0.068s
[focr-timing]       sam.block mlp 0.114s
[focr-timing]       sam.block attn(GLOBAL) 0.276s
[focr-timing]       sam.block mlp 0.113s
[focr-timing]       sam.block attn(win) 0.073s
[focr-timing]       sam.block mlp 0.117s
[focr-timing]       sam.block attn(win) 0.069s
[focr-timing]       sam.block mlp 0.118s
[focr-timing]       sam.block attn(GLOBAL) 0.278s
[focr-timing]       sam.block mlp 0.114s
[focr-timing]     sam.blocks 3.12s
[focr-timing]     sam.forward 3.20s
[focr-timing]   vision.sam 3.32s
[focr-timing]     clip.hydrate(cached) 0.38s
[focr-timing]     clip.blocks 0.54s
[focr-timing]   vision.clip 0.92s
[focr-timing]   vision.bridge 0.01s
[focr-timing] vision_tower 4.25s
[focr-timing] weight_cache_build_i8 1.16s
[focr-timing] prefill_i8 0.46s (277 tokens)
[focr-timing] decode_i8 8.08s (495 tokens, 0.016s/tok)
