[focr-timing] preprocess 0.02s
[focr-timing]     sam.hydrate 0.11s
[focr-timing]       sam.block attn(win) 0.075s
[focr-timing]       sam.block mlp 0.131s
[focr-timing]       sam.block attn(win) 0.073s
[focr-timing]       sam.block mlp 0.122s
[focr-timing]       sam.block attn(GLOBAL) 0.305s
[focr-timing]       sam.block mlp 0.125s
[focr-timing]       sam.block attn(win) 0.076s
[focr-timing]       sam.block mlp 0.124s
[focr-timing]       sam.block attn(win) 0.074s
[focr-timing]       sam.block mlp 0.126s
[focr-timing]       sam.block attn(GLOBAL) 0.298s
[focr-timing]       sam.block mlp 0.126s
[focr-timing]       sam.block attn(win) 0.076s
[focr-timing]       sam.block mlp 0.131s
[focr-timing]       sam.block attn(win) 0.074s
[focr-timing]       sam.block mlp 0.127s
[focr-timing]       sam.block attn(GLOBAL) 0.296s
[focr-timing]       sam.block mlp 0.125s
[focr-timing]       sam.block attn(win) 0.078s
[focr-timing]       sam.block mlp 0.129s
[focr-timing]       sam.block attn(win) 0.075s
[focr-timing]       sam.block mlp 0.126s
[focr-timing]       sam.block attn(GLOBAL) 0.298s
[focr-timing]       sam.block mlp 0.127s
[focr-timing]     sam.blocks 3.35s
[focr-timing]     sam.forward 3.43s
[focr-timing]   vision.sam 3.55s
[focr-timing]     clip.hydrate(cached) 0.40s
[focr-timing]     clip.blocks 0.62s
[focr-timing]   vision.clip 1.02s
[focr-timing]   vision.bridge 0.01s
[focr-timing] vision_tower 4.58s
[focr-timing] weight_cache_build 0.42s
[focr-timing] prefill 0.63s (277 tokens)
[focr-timing] decode 14.00s (495 tokens, 0.028s/tok)
[focr-timing] decode phases (ms): lm_head 6217  attn 4535  experts 2745  route 416
real 19.92
user 106.90
sys 14.59
