[focr-timing] preprocess 0.02s
[focr-timing]     sam.hydrate 0.11s
[focr-timing]       sam.block attn(win) 0.081s
[focr-timing]       sam.block mlp 0.129s
[focr-timing]       sam.block attn(win) 0.071s
[focr-timing]       sam.block mlp 0.122s
[focr-timing]       sam.block attn(GLOBAL) 0.299s
[focr-timing]       sam.block mlp 0.124s
[focr-timing]       sam.block attn(win) 0.075s
[focr-timing]       sam.block mlp 0.125s
[focr-timing]       sam.block attn(win) 0.074s
[focr-timing]       sam.block mlp 0.124s
[focr-timing]       sam.block attn(GLOBAL) 0.298s
[focr-timing]       sam.block mlp 0.120s
[focr-timing]       sam.block attn(win) 0.071s
[focr-timing]       sam.block mlp 0.127s
[focr-timing]       sam.block attn(win) 0.071s
[focr-timing]       sam.block mlp 0.119s
[focr-timing]       sam.block attn(GLOBAL) 0.297s
[focr-timing]       sam.block mlp 0.122s
[focr-timing]       sam.block attn(win) 0.071s
[focr-timing]       sam.block mlp 0.124s
[focr-timing]       sam.block attn(win) 0.073s
[focr-timing]       sam.block mlp 0.119s
[focr-timing]       sam.block attn(GLOBAL) 0.292s
[focr-timing]       sam.block mlp 0.120s
[focr-timing]     sam.blocks 3.28s
[focr-timing]     sam.forward 3.37s
[focr-timing]   vision.sam 3.49s
[focr-timing]     clip.hydrate(cached) 0.41s
[focr-timing]     clip.blocks 0.59s
[focr-timing]   vision.clip 1.01s
[focr-timing]   vision.bridge 0.01s
[focr-timing] vision_tower 4.51s
[focr-timing] weight_cache_build 0.43s
[focr-timing] prefill 0.62s (277 tokens)
[focr-timing] decode 14.61s (495 tokens, 0.030s/tok)
[focr-timing] decode phases (ms): lm_head 6843  attn 4512  experts 2741  route 422
real 20.43
user 110.69
sys 14.32
