[focr-timing] preprocess 0.02s
[focr-timing]     sam.hydrate 0.11s
[focr-timing]       sam.block attn(win) 0.068s
[focr-timing]       sam.block mlp 0.128s
[focr-timing]       sam.block attn(win) 0.072s
[focr-timing]       sam.block mlp 0.123s
[focr-timing]       sam.block attn(GLOBAL) 0.297s
[focr-timing]       sam.block mlp 0.121s
[focr-timing]       sam.block attn(win) 0.076s
[focr-timing]       sam.block mlp 0.123s
[focr-timing]       sam.block attn(win) 0.076s
[focr-timing]       sam.block mlp 0.122s
[focr-timing]       sam.block attn(GLOBAL) 0.288s
[focr-timing]       sam.block mlp 0.119s
[focr-timing]       sam.block attn(win) 0.071s
[focr-timing]       sam.block mlp 0.120s
[focr-timing]       sam.block attn(win) 0.071s
[focr-timing]       sam.block mlp 0.122s
[focr-timing]       sam.block attn(GLOBAL) 0.293s
[focr-timing]       sam.block mlp 0.121s
[focr-timing]       sam.block attn(win) 0.070s
[focr-timing]       sam.block mlp 0.129s
[focr-timing]       sam.block attn(win) 0.070s
[focr-timing]       sam.block mlp 0.119s
[focr-timing]       sam.block attn(GLOBAL) 0.292s
[focr-timing]       sam.block mlp 0.118s
[focr-timing]     sam.blocks 3.24s
[focr-timing]     sam.forward 3.33s
[focr-timing]   vision.sam 3.44s
[focr-timing]     clip.hydrate(cached) 0.40s
[focr-timing]     clip.blocks 0.58s
[focr-timing]   vision.clip 0.98s
[focr-timing]   vision.bridge 0.01s
[focr-timing] vision_tower 4.43s
[focr-timing] weight_cache_build 0.42s
[focr-timing] prefill 0.62s (277 tokens)
[focr-timing] decode 14.59s (495 tokens, 0.029s/tok)
[focr-timing] decode phases (ms): lm_head 6815  attn 4490  experts 2772  route 421
real 20.33
user 110.72
sys 14.52
