[focr-timing] preprocess 0.02s
[focr-timing]     sam.hydrate 0.11s
[focr-timing]       sam.block attn(win) 0.074s
[focr-timing]       sam.block mlp 0.128s
[focr-timing]       sam.block attn(win) 0.075s
[focr-timing]       sam.block mlp 0.124s
[focr-timing]       sam.block attn(GLOBAL) 0.309s
[focr-timing]       sam.block mlp 0.126s
[focr-timing]       sam.block attn(win) 0.075s
[focr-timing]       sam.block mlp 0.127s
[focr-timing]       sam.block attn(win) 0.072s
[focr-timing]       sam.block mlp 0.125s
[focr-timing]       sam.block attn(GLOBAL) 0.300s
[focr-timing]       sam.block mlp 0.119s
[focr-timing]       sam.block attn(win) 0.081s
[focr-timing]       sam.block mlp 0.139s
[focr-timing]       sam.block attn(win) 0.077s
[focr-timing]       sam.block mlp 0.125s
[focr-timing]       sam.block attn(GLOBAL) 0.296s
[focr-timing]       sam.block mlp 0.127s
[focr-timing]       sam.block attn(win) 0.075s
[focr-timing]       sam.block mlp 0.130s
[focr-timing]       sam.block attn(win) 0.073s
[focr-timing]       sam.block mlp 0.123s
[focr-timing]       sam.block attn(GLOBAL) 0.303s
[focr-timing]       sam.block mlp 0.126s
[focr-timing]     sam.blocks 3.36s
[focr-timing]     sam.forward 3.44s
[focr-timing]   vision.sam 3.56s
[focr-timing]     clip.hydrate(cached) 0.41s
[focr-timing]     clip.blocks 0.60s
[focr-timing]   vision.clip 1.01s
[focr-timing]   vision.bridge 0.01s
[focr-timing] vision_tower 4.58s
[focr-timing] weight_cache_build 0.42s
[focr-timing] prefill 0.63s (277 tokens)
[focr-timing] decode 13.68s (495 tokens, 0.028s/tok)
[focr-timing] decode phases (ms): lm_head 5680  attn 4667  experts 2813  route 429
real 19.57
user 99.58
sys 16.06
