[focr-timing] preprocess 0.02s
[focr-timing]     sam.hydrate 0.11s
[focr-timing]       sam.block attn(win) 0.070s
[focr-timing]       sam.block mlp 0.119s
[focr-timing]       sam.block attn(win) 0.071s
[focr-timing]       sam.block mlp 0.122s
[focr-timing]       sam.block attn(GLOBAL) 0.290s
[focr-timing]       sam.block mlp 0.122s
[focr-timing]       sam.block attn(win) 0.069s
[focr-timing]       sam.block mlp 0.121s
[focr-timing]       sam.block attn(win) 0.069s
[focr-timing]       sam.block mlp 0.120s
[focr-timing]       sam.block attn(GLOBAL) 0.279s
[focr-timing]       sam.block mlp 0.120s
[focr-timing]       sam.block attn(win) 0.069s
[focr-timing]       sam.block mlp 0.121s
[focr-timing]       sam.block attn(win) 0.070s
[focr-timing]       sam.block mlp 0.119s
[focr-timing]       sam.block attn(GLOBAL) 0.279s
[focr-timing]       sam.block mlp 0.120s
[focr-timing]       sam.block attn(win) 0.068s
[focr-timing]       sam.block mlp 0.121s
[focr-timing]       sam.block attn(win) 0.072s
[focr-timing]       sam.block mlp 0.123s
[focr-timing]       sam.block attn(GLOBAL) 0.273s
[focr-timing]       sam.block mlp 0.122s
[focr-timing]     sam.blocks 3.16s
[focr-timing]     sam.forward 3.24s
[focr-timing]   vision.sam 3.37s
[focr-timing]     clip.hydrate(cached) 0.39s
[focr-timing]     clip.blocks 0.59s
[focr-timing]   vision.clip 0.98s
[focr-timing]   vision.bridge 0.01s
[focr-timing] vision_tower 4.36s
[focr-timing] weight_cache_build 0.45s
[focr-timing] prefill 0.67s (277 tokens)
[focr-timing] decode 14.05s (495 tokens, 0.028s/tok)
[focr-timing] decode phases (ms): lm_head 4843  attn 5648  experts 2883  route 428
real 20.07
user 97.27
sys 20.65
