[focr-timing] preprocess 0.02s
[focr-timing]     sam.hydrate 0.11s
[focr-timing]       sam.block attn(win) 0.070s
[focr-timing]       sam.block mlp 0.127s
[focr-timing]       sam.block attn(win) 0.069s
[focr-timing]       sam.block mlp 0.119s
[focr-timing]       sam.block attn(GLOBAL) 0.290s
[focr-timing]       sam.block mlp 0.122s
[focr-timing]       sam.block attn(win) 0.069s
[focr-timing]       sam.block mlp 0.122s
[focr-timing]       sam.block attn(win) 0.066s
[focr-timing]       sam.block mlp 0.124s
[focr-timing]       sam.block attn(GLOBAL) 0.273s
[focr-timing]       sam.block mlp 0.126s
[focr-timing]       sam.block attn(win) 0.069s
[focr-timing]       sam.block mlp 0.120s
[focr-timing]       sam.block attn(win) 0.068s
[focr-timing]       sam.block mlp 0.121s
[focr-timing]       sam.block attn(GLOBAL) 0.276s
[focr-timing]       sam.block mlp 0.119s
[focr-timing]       sam.block attn(win) 0.071s
[focr-timing]       sam.block mlp 0.124s
[focr-timing]       sam.block attn(win) 0.072s
[focr-timing]       sam.block mlp 0.122s
[focr-timing]       sam.block attn(GLOBAL) 0.282s
[focr-timing]       sam.block mlp 0.122s
[focr-timing]     sam.blocks 3.18s
[focr-timing]     sam.forward 3.26s
[focr-timing]   vision.sam 3.38s
[focr-timing]     clip.hydrate(cached) 0.39s
[focr-timing]     clip.blocks 0.59s
[focr-timing]   vision.clip 0.97s
[focr-timing]   vision.bridge 0.01s
[focr-timing] vision_tower 4.36s
[focr-timing] weight_cache_build 0.43s
[focr-timing] prefill 0.63s (277 tokens)
[focr-timing] decode 14.47s (495 tokens, 0.029s/tok)
[focr-timing] decode phases (ms): lm_head 5111  attn 5786  experts 2898  route 422
real 20.17
user 105.13
sys 21.85
