[focr-timing] preprocess 0.02s
[focr-timing]     sam.hydrate 0.11s
[focr-timing]       sam.block attn(win) 0.068s
[focr-timing]       sam.block mlp 0.122s
[focr-timing]       sam.block attn(win) 0.073s
[focr-timing]       sam.block mlp 0.123s
[focr-timing]       sam.block attn(GLOBAL) 0.288s
[focr-timing]       sam.block mlp 0.121s
[focr-timing]       sam.block attn(win) 0.070s
[focr-timing]       sam.block mlp 0.121s
[focr-timing]       sam.block attn(win) 0.072s
[focr-timing]       sam.block mlp 0.122s
[focr-timing]       sam.block attn(GLOBAL) 0.278s
[focr-timing]       sam.block mlp 0.119s
[focr-timing]       sam.block attn(win) 0.069s
[focr-timing]       sam.block mlp 0.125s
[focr-timing]       sam.block attn(win) 0.072s
[focr-timing]       sam.block mlp 0.126s
[focr-timing]       sam.block attn(GLOBAL) 0.291s
[focr-timing]       sam.block mlp 0.124s
[focr-timing]       sam.block attn(win) 0.069s
[focr-timing]       sam.block mlp 0.122s
[focr-timing]       sam.block attn(win) 0.071s
[focr-timing]       sam.block mlp 0.125s
[focr-timing]       sam.block attn(GLOBAL) 0.291s
[focr-timing]       sam.block mlp 0.118s
[focr-timing]     sam.blocks 3.21s
[focr-timing]     sam.forward 3.29s
[focr-timing]   vision.sam 3.42s
[focr-timing]     clip.hydrate(cached) 0.39s
[focr-timing]     clip.blocks 0.58s
[focr-timing]   vision.clip 0.97s
[focr-timing]   vision.bridge 0.01s
[focr-timing] vision_tower 4.40s
[focr-timing] weight_cache_build 0.42s
[focr-timing] prefill 0.64s (277 tokens)
[focr-timing] decode 14.61s (495 tokens, 0.030s/tok)
[focr-timing] decode phases (ms): lm_head 5159  attn 5878  experts 2901  route 419
real 20.34
user 104.75
sys 21.22
