[focr-timing] preprocess 0.02s
[focr-timing]     sam.hydrate 0.11s
[focr-timing]       sam.block attn(win) 0.073s
[focr-timing]       sam.block mlp 0.126s
[focr-timing]       sam.block attn(win) 0.067s
[focr-timing]       sam.block mlp 0.121s
[focr-timing]       sam.block attn(GLOBAL) 0.293s
[focr-timing]       sam.block mlp 0.123s
[focr-timing]       sam.block attn(win) 0.069s
[focr-timing]       sam.block mlp 0.124s
[focr-timing]       sam.block attn(win) 0.069s
[focr-timing]       sam.block mlp 0.123s
[focr-timing]       sam.block attn(GLOBAL) 0.279s
[focr-timing]       sam.block mlp 0.125s
[focr-timing]       sam.block attn(win) 0.069s
[focr-timing]       sam.block mlp 0.120s
[focr-timing]       sam.block attn(win) 0.071s
[focr-timing]       sam.block mlp 0.121s
[focr-timing]       sam.block attn(GLOBAL) 0.281s
[focr-timing]       sam.block mlp 0.125s
[focr-timing]       sam.block attn(win) 0.073s
[focr-timing]       sam.block mlp 0.122s
[focr-timing]       sam.block attn(win) 0.069s
[focr-timing]       sam.block mlp 0.120s
[focr-timing]       sam.block attn(GLOBAL) 0.281s
[focr-timing]       sam.block mlp 0.127s
[focr-timing]     sam.blocks 3.21s
[focr-timing]     sam.forward 3.29s
[focr-timing]   vision.sam 3.41s
[focr-timing]     clip.hydrate(cached) 0.39s
[focr-timing]     clip.blocks 0.61s
[focr-timing]   vision.clip 1.00s
[focr-timing]   vision.bridge 0.01s
[focr-timing] vision_tower 4.41s
[focr-timing] weight_cache_build 0.44s
[focr-timing] prefill 0.63s (277 tokens)
[focr-timing] decode 13.94s (495 tokens, 0.028s/tok)
[focr-timing] decode phases (ms): lm_head 4773  attn 5592  experts 2897  route 425
real 19.69
user 99.01
sys 21.38
