[focr-timing] preprocess 0.02s
[focr-timing]     sam.hydrate 0.10s
[focr-timing]       sam.block attn(win) 0.081s
[focr-timing]       sam.block mlp 0.133s
[focr-timing]       sam.block attn(win) 0.083s
[focr-timing]       sam.block mlp 0.127s
[focr-timing]       sam.block attn(GLOBAL) 0.336s
[focr-timing]       sam.block mlp 0.135s
[focr-timing]       sam.block attn(win) 0.086s
[focr-timing]       sam.block mlp 0.130s
[focr-timing]       sam.block attn(win) 0.081s
[focr-timing]       sam.block mlp 0.129s
[focr-timing]       sam.block attn(GLOBAL) 0.317s
[focr-timing]       sam.block mlp 0.128s
[focr-timing]       sam.block attn(win) 0.078s
[focr-timing]       sam.block mlp 0.129s
[focr-timing]       sam.block attn(win) 0.079s
[focr-timing]       sam.block mlp 0.134s
[focr-timing]       sam.block attn(GLOBAL) 0.323s
[focr-timing]       sam.block mlp 0.129s
[focr-timing]       sam.block attn(win) 0.083s
[focr-timing]       sam.block mlp 0.128s
[focr-timing]       sam.block attn(win) 0.083s
[focr-timing]       sam.block mlp 0.129s
[focr-timing]       sam.block attn(GLOBAL) 0.321s
[focr-timing]       sam.block mlp 0.129s
[focr-timing]     sam.blocks 3.55s
[focr-timing]     sam.forward 3.65s
[focr-timing]   vision.sam 3.76s
[focr-timing]     clip.hydrate(cached) 0.41s
[focr-timing]     clip.blocks 0.61s
[focr-timing]   vision.clip 1.02s
[focr-timing]   vision.bridge 0.01s
[focr-timing] vision_tower 4.79s
[focr-timing] weight_cache_build_i8 0.17s
[focr-timing] prefill_i8 0.53s (277 tokens)
[focr-timing] decode_i8 7.34s (495 tokens, 0.015s/tok)
[focr-timing] decode_i8 phases (ms): lm_head 1058  attn 2580  experts 2957  route 478
[focr] wrote artifacts/perf/bd-2mo.30/profile-head-58cf4e1/golden_dense.md (markdown)
real 13.43
user 52.91
sys 11.64
          9315958784  maximum resident set size
                   0  average shared memory size
                   0  average unshared data size
                   0  average unshared stack size
              646203  page reclaims
                   0  page faults
                   0  swaps
                   0  block input operations
                   0  block output operations
                   0  messages sent
                   0  messages received
                   0  signals received
                   0  voluntary context switches
             1839352  involuntary context switches
        418761163127  instructions retired
        214673431016  cycles elapsed
          9312673184  peak memory footprint
