[focr-timing] preprocess 0.03s
[focr-timing]     unlimited_vision.hydrate(cached) 0.12s
[focr-timing]       sam.block attn(win) 0.088s
[focr-timing]       sam.block mlp 0.144s
[focr-timing]       sam.block attn(win) 0.082s
[focr-timing]       sam.block mlp 0.140s
[focr-timing]       sam.block attn(GLOBAL) 0.351s
[focr-timing]       sam.block mlp 0.148s
[focr-timing]       sam.block attn(win) 0.081s
[focr-timing]       sam.block mlp 0.145s
[focr-timing]       sam.block attn(win) 0.081s
[focr-timing]       sam.block mlp 0.133s
[focr-timing]       sam.block attn(GLOBAL) 0.330s
[focr-timing]       sam.block mlp 0.142s
[focr-timing]       sam.block attn(win) 0.084s
[focr-timing]       sam.block mlp 0.139s
[focr-timing]       sam.block attn(win) 0.080s
[focr-timing]       sam.block mlp 0.131s
[focr-timing]       sam.block attn(GLOBAL) 0.316s
[focr-timing]       sam.block mlp 0.139s
[focr-timing]       sam.block attn(win) 0.083s
[focr-timing]       sam.block mlp 0.137s
[focr-timing]       sam.block attn(win) 0.082s
[focr-timing]       sam.block mlp 0.140s
[focr-timing]       sam.block attn(GLOBAL) 0.330s
[focr-timing]       sam.block mlp 0.138s
[focr-timing]     sam.blocks 3.70s
[focr-timing]   vision.sam 3.81s
[focr-timing]     clip.hydrate(cached) 0.45s
[focr-timing]     clip.blocks 0.69s
[focr-timing]   vision.clip 1.14s
[focr-timing]   vision.bridge 0.00s
[focr-timing] vision_tower 5.07s
[focr-timing] precision focr-mixed-ffn-int8
[focr-timing] weight_cache_build 0.51s
[focr-timing] prefill 0.79s (277 tokens)
[focr-timing] decode 337.30s (12000 tokens, 0.028s/tok)
[focr-timing] decode phases (ms): lm_head 128013  attn 126652  experts 69712  route 10714
[focr] wrote artifacts/perf/bd-2mo.30/profile-recipe-5733407/pass15-moe-order-page0590-20260710T163500Z/rollback-score-order.md (markdown)
real 344.01
user 1682.73
sys 288.22
