[focr-timing] preprocess 0.02s
[focr-timing]     unlimited_vision.hydrate(cached) 0.11s
[focr-timing]       sam.block attn(win) 0.072s
[focr-timing]       sam.block mlp 0.122s
[focr-timing]       sam.block attn(win) 0.071s
[focr-timing]       sam.block mlp 0.123s
[focr-timing]       sam.block attn(GLOBAL) 0.289s
[focr-timing]       sam.block mlp 0.123s
[focr-timing]       sam.block attn(win) 0.075s
[focr-timing]       sam.block mlp 0.126s
[focr-timing]       sam.block attn(win) 0.074s
[focr-timing]       sam.block mlp 0.121s
[focr-timing]       sam.block attn(GLOBAL) 0.294s
[focr-timing]       sam.block mlp 0.125s
[focr-timing]       sam.block attn(win) 0.074s
[focr-timing]       sam.block mlp 0.121s
[focr-timing]       sam.block attn(win) 0.074s
[focr-timing]       sam.block mlp 0.125s
[focr-timing]       sam.block attn(GLOBAL) 0.281s
[focr-timing]       sam.block mlp 0.122s
[focr-timing]       sam.block attn(win) 0.072s
[focr-timing]       sam.block mlp 0.122s
[focr-timing]       sam.block attn(win) 0.072s
[focr-timing]       sam.block mlp 0.121s
[focr-timing]       sam.block attn(GLOBAL) 0.284s
[focr-timing]       sam.block mlp 0.124s
[focr-timing]     sam.blocks 3.24s
[focr-timing]   vision.sam 3.33s
[focr-timing]     clip.hydrate(cached) 0.39s
[focr-timing]     clip.blocks 0.58s
[focr-timing]   vision.clip 0.98s
[focr-timing]   vision.bridge 0.00s
[focr-timing] vision_tower 4.42s
[focr-timing] weight_cache_build 0.43s
[focr-timing] prefill 0.63s (277 tokens)
[focr-timing] decode 0.91s (32 tokens, 0.029s/tok)
[focr-timing] decode phases (ms): lm_head 322  attn 289  experts 269  route 28
real 6.66
user 31.83
sys 2.66
