[focr-timing] preprocess 0.02s
[focr-timing]     unlimited_vision.hydrate(cached) 0.11s
[focr-timing]       sam.block attn(win) 0.073s
[focr-timing]       sam.block mlp 0.124s
[focr-timing]       sam.block attn(win) 0.074s
[focr-timing]       sam.block mlp 0.122s
[focr-timing]       sam.block attn(GLOBAL) 0.291s
[focr-timing]       sam.block mlp 0.121s
[focr-timing]       sam.block attn(win) 0.072s
[focr-timing]       sam.block mlp 0.124s
[focr-timing]       sam.block attn(win) 0.077s
[focr-timing]       sam.block mlp 0.127s
[focr-timing]       sam.block attn(GLOBAL) 0.278s
[focr-timing]       sam.block mlp 0.124s
[focr-timing]       sam.block attn(win) 0.074s
[focr-timing]       sam.block mlp 0.125s
[focr-timing]       sam.block attn(win) 0.074s
[focr-timing]       sam.block mlp 0.124s
[focr-timing]       sam.block attn(GLOBAL) 0.283s
[focr-timing]       sam.block mlp 0.124s
[focr-timing]       sam.block attn(win) 0.075s
[focr-timing]       sam.block mlp 0.121s
[focr-timing]       sam.block attn(win) 0.076s
[focr-timing]       sam.block mlp 0.126s
[focr-timing]       sam.block attn(GLOBAL) 0.288s
[focr-timing]       sam.block mlp 0.123s
[focr-timing]     sam.blocks 3.25s
[focr-timing]   vision.sam 3.34s
[focr-timing]     clip.hydrate(cached) 0.40s
[focr-timing]     clip.blocks 0.58s
[focr-timing]   vision.clip 0.98s
[focr-timing]   vision.bridge 0.00s
[focr-timing] vision_tower 4.44s
[focr-timing] weight_cache_build 0.43s
[focr-timing] prefill 0.62s (277 tokens)
[focr-timing] decode 1.43s (32 tokens, 0.045s/tok)
[focr-timing] decode phases (ms): lm_head 320  attn 301  experts 777  route 27
real 7.19
user 35.07
sys 2.79
