[focr-timing] preprocess 0.02s
[focr-timing]     unlimited_vision.hydrate(cached) 0.11s
[focr-timing]       sam.block attn(win) 0.075s
[focr-timing]       sam.block mlp 0.125s
[focr-timing]       sam.block attn(win) 0.074s
[focr-timing]       sam.block mlp 0.123s
[focr-timing]       sam.block attn(GLOBAL) 0.296s
[focr-timing]       sam.block mlp 0.121s
[focr-timing]       sam.block attn(win) 0.080s
[focr-timing]       sam.block mlp 0.126s
[focr-timing]       sam.block attn(win) 0.074s
[focr-timing]       sam.block mlp 0.125s
[focr-timing]       sam.block attn(GLOBAL) 0.288s
[focr-timing]       sam.block mlp 0.125s
[focr-timing]       sam.block attn(win) 0.073s
[focr-timing]       sam.block mlp 0.121s
[focr-timing]       sam.block attn(win) 0.077s
[focr-timing]       sam.block mlp 0.124s
[focr-timing]       sam.block attn(GLOBAL) 0.284s
[focr-timing]       sam.block mlp 0.123s
[focr-timing]       sam.block attn(win) 0.078s
[focr-timing]       sam.block mlp 0.125s
[focr-timing]       sam.block attn(win) 0.079s
[focr-timing]       sam.block mlp 0.123s
[focr-timing]       sam.block attn(GLOBAL) 0.287s
[focr-timing]       sam.block mlp 0.129s
[focr-timing]     sam.blocks 3.29s
[focr-timing]   vision.sam 3.38s
[focr-timing]     clip.hydrate(cached) 0.40s
[focr-timing]     clip.blocks 0.59s
[focr-timing]   vision.clip 0.99s
[focr-timing]   vision.bridge 0.00s
[focr-timing] vision_tower 4.48s
[focr-timing] weight_cache_build 0.43s
[focr-timing] prefill 0.64s (277 tokens)
[focr-timing] decode 1.41s (32 tokens, 0.044s/tok)
[focr-timing] decode phases (ms): lm_head 320  attn 294  experts 766  route 26
real 7.23
user 35.19
sys 2.80
