[focr-timing] preprocess 0.02s
[focr-timing]     unlimited_vision.hydrate(cached) 0.11s
[focr-timing]       sam.block attn(win) 0.073s
[focr-timing]       sam.block mlp 0.124s
[focr-timing]       sam.block attn(win) 0.070s
[focr-timing]       sam.block mlp 0.122s
[focr-timing]       sam.block attn(GLOBAL) 0.282s
[focr-timing]       sam.block mlp 0.120s
[focr-timing]       sam.block attn(win) 0.074s
[focr-timing]       sam.block mlp 0.127s
[focr-timing]       sam.block attn(win) 0.071s
[focr-timing]       sam.block mlp 0.123s
[focr-timing]       sam.block attn(GLOBAL) 0.274s
[focr-timing]       sam.block mlp 0.121s
[focr-timing]       sam.block attn(win) 0.069s
[focr-timing]       sam.block mlp 0.122s
[focr-timing]       sam.block attn(win) 0.071s
[focr-timing]       sam.block mlp 0.124s
[focr-timing]       sam.block attn(GLOBAL) 0.281s
[focr-timing]       sam.block mlp 0.123s
[focr-timing]       sam.block attn(win) 0.070s
[focr-timing]       sam.block mlp 0.121s
[focr-timing]       sam.block attn(win) 0.070s
[focr-timing]       sam.block mlp 0.120s
[focr-timing]       sam.block attn(GLOBAL) 0.272s
[focr-timing]       sam.block mlp 0.123s
[focr-timing]     sam.blocks 3.18s
[focr-timing]   vision.sam 3.27s
[focr-timing]     clip.hydrate(cached) 0.40s
[focr-timing]     clip.blocks 0.58s
[focr-timing]   vision.clip 0.98s
[focr-timing]   vision.bridge 0.00s
[focr-timing] vision_tower 4.36s
[focr-timing] weight_cache_build 0.44s
[focr-timing] prefill 0.60s (277 tokens)
[focr-timing] decode 0.93s (32 tokens, 0.029s/tok)
[focr-timing] decode phases (ms): lm_head 335  attn 295  experts 268  route 28
real 7.75
user 31.22
sys 2.70
