real 23.07
user 130.05
sys 10.24
         11538333696  maximum resident set size
                   0  average shared memory size
                   0  average unshared data size
                   0  average unshared stack size
              706422  page reclaims
                   5  page faults
                   0  swaps
                   0  block input operations
                   0  block output operations
                   0  messages sent
                   0  messages received
                   0  signals received
                  18  voluntary context switches
             1617874  involuntary context switches
       1601245510624  instructions retired
        466102495155  cycles elapsed
          7373038664  peak memory footprint
