[focr-timing] preprocess 0.02s
[focr-timing]     sam.hydrate 0.11s
[focr-timing]       sam.block attn(win) 0.073s
[focr-timing]       sam.block mlp 0.125s
[focr-timing]       sam.block attn(win) 0.076s
[focr-timing]       sam.block mlp 0.126s
[focr-timing]       sam.block attn(GLOBAL) 0.289s
[focr-timing]       sam.block mlp 0.123s
[focr-timing]       sam.block attn(win) 0.073s
[focr-timing]       sam.block mlp 0.127s
[focr-timing]       sam.block attn(win) 0.078s
[focr-timing]       sam.block mlp 0.126s
[focr-timing]       sam.block attn(GLOBAL) 0.288s
[focr-timing]       sam.block mlp 0.123s
[focr-timing]       sam.block attn(win) 0.070s
[focr-timing]       sam.block mlp 0.122s
[focr-timing]       sam.block attn(win) 0.074s
[focr-timing]       sam.block mlp 0.123s
[focr-timing]       sam.block attn(GLOBAL) 0.280s
[focr-timing]       sam.block mlp 0.123s
[focr-timing]       sam.block attn(win) 0.074s
[focr-timing]       sam.block mlp 0.126s
[focr-timing]       sam.block attn(win) 0.074s
[focr-timing]       sam.block mlp 0.124s
[focr-timing]       sam.block attn(GLOBAL) 0.280s
[focr-timing]       sam.block mlp 0.124s
[focr-timing]     sam.blocks 3.25s
[focr-timing]     sam.forward 3.34s
[focr-timing]   vision.sam 3.45s
[focr-timing]     clip.hydrate(cached) 0.39s
[focr-timing]     clip.blocks 0.59s
[focr-timing]   vision.clip 0.98s
[focr-timing]   vision.bridge 0.01s
[focr-timing] vision_tower 4.44s
[focr-timing] weight_cache_build 0.41s
[focr-timing] prefill 0.61s (277 tokens)
[focr-timing] decode 0.82s (32 tokens, 0.025s/tok)
[focr-timing] decode phases (ms): lm_head 326  attn 279  experts 179  route 27
real 6.53
user 31.62
sys 2.61
