[focr-timing] preprocess 0.02s
[focr-timing]     sam.hydrate 0.09s
[focr-timing]       sam.block attn(win) 0.067s
[focr-timing]       sam.block mlp 0.118s
[focr-timing]       sam.block attn(win) 0.065s
[focr-timing]       sam.block mlp 0.118s
[focr-timing]       sam.block attn(GLOBAL) 0.294s
[focr-timing]       sam.block mlp 0.117s
[focr-timing]       sam.block attn(win) 0.067s
[focr-timing]       sam.block mlp 0.115s
[focr-timing]       sam.block attn(win) 0.065s
[focr-timing]       sam.block mlp 0.119s
[focr-timing]       sam.block attn(GLOBAL) 0.278s
[focr-timing]       sam.block mlp 0.117s
[focr-timing]       sam.block attn(win) 0.065s
[focr-timing]       sam.block mlp 0.113s
[focr-timing]       sam.block attn(win) 0.066s
[focr-timing]       sam.block mlp 0.114s
[focr-timing]       sam.block attn(GLOBAL) 0.269s
[focr-timing]       sam.block mlp 0.118s
[focr-timing]       sam.block attn(win) 0.068s
[focr-timing]       sam.block mlp 0.114s
[focr-timing]       sam.block attn(win) 0.065s
[focr-timing]       sam.block mlp 0.119s
[focr-timing]       sam.block attn(GLOBAL) 0.272s
[focr-timing]       sam.block mlp 0.121s
[focr-timing]     sam.blocks 3.08s
[focr-timing]     sam.forward 3.16s
[focr-timing]   vision.sam 3.26s
[focr-timing]     clip.hydrate(cached) 0.35s
[focr-timing]     clip.blocks 0.54s
[focr-timing]   vision.clip 0.88s
[focr-timing]   vision.bridge 0.01s
[focr-timing] vision_tower 4.15s
[focr-timing] weight_cache_build_i8 1.16s
[focr-timing] prefill_i8 0.55s (277 tokens)
[focr-timing] decode_i8 7.95s (495 tokens, 0.016s/tok)
