<?xml version="1.0" encoding="UTF-8"?>
<score-partwise version="4.0">
  <part-list><score-part id="P1"><part-name>Staff 1</part-name></score-part></part-list>
  <part id="P1">
  <measure number="1">
    <attributes>
      <divisions>64</divisions>
      <clef><sign>F</sign><line>4</line></clef>
      <key><fifths>0</fifths></key>
      <time><beats>4</beats><beat-type>4</beat-type></time>
    </attributes>
    <note><pitch><step>E</step><octave>3</octave></pitch><duration>48</duration><type>eighth</type><dot/></note>
    <note><chord/><pitch><step>C</step><octave>4</octave></pitch><duration>48</duration><type>eighth</type><dot/></note>
    <note><pitch><step>E</step><octave>3</octave></pitch><duration>16</duration><type>16th</type></note>
    <note><chord/><pitch><step>D</step><octave>4</octave></pitch><duration>16</duration><type>16th</type></note>
    <note><pitch><step>E</step><octave>3</octave></pitch><duration>48</duration><type>eighth</type><dot/></note>
    <note><chord/><pitch><step>E</step><octave>4</octave></pitch><duration>48</duration><type>eighth</type><dot/></note>
    <note><pitch><step>E</step><octave>3</octave></pitch><duration>16</duration><type>16th</type></note>
    <note><chord/><pitch><step>F</step><octave>4</octave></pitch><duration>16</duration><type>16th</type></note>
    <note><pitch><step>E</step><octave>3</octave></pitch><duration>48</duration><type>eighth</type><dot/></note>
    <note><chord/><pitch><step>C</step><octave>4</octave></pitch><duration>48</duration><type>eighth</type><dot/></note>
    <note><pitch><step>E</step><octave>3</octave></pitch><duration>16</duration><type>16th</type></note>
    <note><chord/><pitch><step>B</step><octave>3</octave></pitch><duration>16</duration><type>16th</type></note>
    <note><pitch><step>E</step><octave>3</octave></pitch><duration>48</duration><type>eighth</type><dot/></note>
    <note><chord/><pitch><step>D</step><octave>4</octave></pitch><duration>48</duration><type>eighth</type><dot/></note>
    <note><pitch><step>E</step><octave>3</octave></pitch><duration>16</duration><type>16th</type></note>
    <note><chord/><pitch><step>C</step><octave>4</octave></pitch><duration>16</duration><type>16th</type></note>
  </measure>
  <measure number="2">
    <note><pitch><step>D</step><octave>3</octave></pitch><duration>96</duration><type>quarter</type><dot/></note>
    <note><chord/><pitch><step>F</step><octave>3</octave></pitch><duration>96</duration><type>quarter</type><dot/></note>
    <note><chord/><pitch><step>C</step><octave>4</octave></pitch><duration>256</duration><type>whole</type></note>
    <note><pitch><step>D</step><octave>3</octave></pitch><duration>16</duration><type>16th</type></note>
    <note><chord/><pitch><step>F</step><octave>3</octave></pitch><duration>16</duration><type>16th</type></note>
    <note><pitch><step>D</step><octave>3</octave></pitch><duration>48</duration><type>eighth</type><dot/></note>
    <note><chord/><pitch><step>F</step><octave>3</octave></pitch><duration>48</duration><type>eighth</type><dot/></note>
    <note><pitch><step>D</step><octave>3</octave></pitch><duration>16</duration><type>16th</type></note>
    <note><chord/><pitch><step>F</step><octave>3</octave></pitch><duration>16</duration><type>16th</type></note>
    <note><pitch><step>D</step><octave>3</octave></pitch><duration>128</duration><type>half</type></note>
    <note><chord/><pitch><step>F</step><octave>3</octave></pitch><duration>128</duration><type>half</type></note>
  </measure>
  <measure number="3">
    <note><pitch><step>D</step><octave>3</octave></pitch><duration>48</duration><type>eighth</type><dot/></note>
    <note><chord/><pitch><step>B</step><octave>3</octave></pitch><duration>48</duration><type>eighth</type><dot/></note>
    <note><pitch><step>E</step><octave>3</octave></pitch><duration>16</duration><type>16th</type></note>
    <note><chord/><pitch><step>B</step><octave>3</octave></pitch><duration>16</duration><type>16th</type></note>
    <note><pitch><step>F</step><octave>3</octave></pitch><duration>48</duration><type>eighth</type><dot/></note>
    <note><chord/><pitch><step>B</step><octave>3</octave></pitch><duration>48</duration><type>eighth</type><dot/></note>
    <note><pitch><step>G</step><octave>3</octave></pitch><duration>16</duration><type>16th</type></note>
    <note><chord/><pitch><step>B</step><octave>3</octave></pitch><duration>16</duration><type>16th</type></note>
    <note><pitch><step>B</step><octave>3</octave></pitch><duration>64</duration><type>quarter</type></note>
    <note><chord/><pitch><step>D</step><octave>4</octave></pitch><duration>64</duration><type>quarter</type></note>
    <note><pitch><step>G</step><octave>3</octave></pitch><duration>64</duration><type>quarter</type></note>
    <note><chord/><pitch><step>B</step><octave>3</octave></pitch><duration>64</duration><type>quarter</type></note>
  </measure>
  </part>
</score-partwise>
