[focr-timing] preprocess 0.03s
[focr-timing]     sam.hydrate 0.11s
[focr-timing]       sam.block attn(win) 0.093s
[focr-timing]       sam.block mlp 0.226s
[focr-timing]       sam.block attn(win) 0.130s
[focr-timing]       sam.block mlp 0.134s
[focr-timing]       sam.block attn(GLOBAL) 0.398s
[focr-timing]       sam.block mlp 0.179s
[focr-timing]       sam.block attn(win) 0.116s
[focr-timing]       sam.block mlp 0.173s
[focr-timing]       sam.block attn(win) 0.080s
[focr-timing]       sam.block mlp 0.194s
[focr-timing]       sam.block attn(GLOBAL) 0.370s
[focr-timing]       sam.block mlp 0.161s
[focr-timing]       sam.block attn(win) 0.105s
[focr-timing]       sam.block mlp 0.192s
[focr-timing]       sam.block attn(win) 0.097s
[focr-timing]       sam.block mlp 0.171s
[focr-timing]       sam.block attn(GLOBAL) 0.391s
[focr-timing]       sam.block mlp 0.144s
[focr-timing]       sam.block attn(win) 0.085s
[focr-timing]       sam.block mlp 0.135s
[focr-timing]       sam.block attn(win) 0.082s
[focr-timing]       sam.block mlp 0.140s
[focr-timing]       sam.block attn(GLOBAL) 0.344s
[focr-timing]       sam.block mlp 0.129s
[focr-timing]     sam.blocks 4.32s
[focr-timing]     sam.forward 4.41s
[focr-timing]   vision.sam 4.52s
[focr-timing]     clip.hydrate(cached) 0.37s
[focr-timing]     clip.blocks 0.59s
[focr-timing]   vision.clip 0.97s
[focr-timing]   vision.bridge 0.01s
[focr-timing] vision_tower 5.50s
[focr-timing] weight_cache_build_i8 1.13s
[focr-timing] prefill_i8 0.49s (277 tokens)
[focr-timing] decode_i8 8.91s (495 tokens, 0.018s/tok)
