[focr-timing] preprocess 0.02s
[focr-timing]     sam.hydrate 0.36s
[focr-timing]       sam.block attn(win) 0.078s
[focr-timing]       sam.block mlp 0.125s
[focr-timing]       sam.block attn(win) 0.074s
[focr-timing]       sam.block mlp 0.128s
[focr-timing]       sam.block attn(GLOBAL) 0.313s
[focr-timing]       sam.block mlp 0.127s
[focr-timing]       sam.block attn(win) 0.073s
[focr-timing]       sam.block mlp 0.124s
[focr-timing]       sam.block attn(win) 0.075s
[focr-timing]       sam.block mlp 0.123s
[focr-timing]       sam.block attn(GLOBAL) 0.295s
[focr-timing]       sam.block mlp 0.124s
[focr-timing]       sam.block attn(win) 0.079s
[focr-timing]       sam.block mlp 0.124s
[focr-timing]       sam.block attn(win) 0.070s
[focr-timing]       sam.block mlp 0.121s
[focr-timing]       sam.block attn(GLOBAL) 0.300s
[focr-timing]       sam.block mlp 0.118s
[focr-timing]       sam.block attn(win) 0.078s
[focr-timing]       sam.block mlp 0.123s
[focr-timing]       sam.block attn(win) 0.073s
[focr-timing]       sam.block mlp 0.122s
[focr-timing]       sam.block attn(GLOBAL) 0.294s
[focr-timing]       sam.block mlp 0.124s
[focr-timing]     sam.blocks 3.32s
[focr-timing]     sam.forward 3.40s
[focr-timing]   vision.sam 3.77s
[focr-timing]     clip.hydrate(cached) 1.24s
[focr-timing]     clip.blocks 0.59s
[focr-timing]   vision.clip 1.83s
[focr-timing]   vision.bridge 0.02s
[focr-timing] vision_tower 5.61s
[focr-timing] weight_cache_build 4.15s
[focr-timing] prefill 0.73s (277 tokens)
[focr-timing] decode 13.85s (495 tokens, 0.028s/tok)
[focr-timing] decode phases (ms): lm_head 4984  attn 5426  experts 2764  route 426
real 25.33
user 96.60
sys 16.64
