[focr-timing] preprocess 0.02s
[focr-timing]     sam.hydrate 0.11s
[focr-timing]       sam.block attn(win) 0.079s
[focr-timing]       sam.block mlp 0.128s
[focr-timing]       sam.block attn(win) 0.077s
[focr-timing]       sam.block mlp 0.130s
[focr-timing]       sam.block attn(GLOBAL) 0.304s
[focr-timing]       sam.block mlp 0.132s
[focr-timing]       sam.block attn(win) 0.075s
[focr-timing]       sam.block mlp 0.127s
[focr-timing]       sam.block attn(win) 0.082s
[focr-timing]       sam.block mlp 0.125s
[focr-timing]       sam.block attn(GLOBAL) 0.302s
[focr-timing]       sam.block mlp 0.128s
[focr-timing]       sam.block attn(win) 0.072s
[focr-timing]       sam.block mlp 0.126s
[focr-timing]       sam.block attn(win) 0.076s
[focr-timing]       sam.block mlp 0.125s
[focr-timing]       sam.block attn(GLOBAL) 0.301s
[focr-timing]       sam.block mlp 0.126s
[focr-timing]       sam.block attn(win) 0.072s
[focr-timing]       sam.block mlp 0.126s
[focr-timing]       sam.block attn(win) 0.073s
[focr-timing]       sam.block mlp 0.126s
[focr-timing]       sam.block attn(GLOBAL) 0.298s
[focr-timing]       sam.block mlp 0.129s
[focr-timing]     sam.blocks 3.38s
[focr-timing]     sam.forward 3.47s
[focr-timing]   vision.sam 3.59s
[focr-timing]     clip.hydrate(cached) 0.40s
[focr-timing]     clip.blocks 0.59s
[focr-timing]   vision.clip 1.00s
[focr-timing]   vision.bridge 0.01s
[focr-timing] vision_tower 4.59s
[focr-timing] weight_cache_build 0.41s
[focr-timing] prefill 0.62s (277 tokens)
[focr-timing] decode 12.98s (495 tokens, 0.026s/tok)
[focr-timing] decode phases (ms): lm_head 5000  attn 4544  experts 2769  route 417
real 18.85
user 98.37
sys 14.74
