[focr-timing] preprocess 0.02s
[focr-timing]     sam.hydrate 0.11s
[focr-timing]       sam.block attn(win) 0.078s
[focr-timing]       sam.block mlp 0.133s
[focr-timing]       sam.block attn(win) 0.079s
[focr-timing]       sam.block mlp 0.127s
[focr-timing]       sam.block attn(GLOBAL) 0.312s
[focr-timing]       sam.block mlp 0.124s
[focr-timing]       sam.block attn(win) 0.077s
[focr-timing]       sam.block mlp 0.137s
[focr-timing]       sam.block attn(win) 0.082s
[focr-timing]       sam.block mlp 0.124s
[focr-timing]       sam.block attn(GLOBAL) 0.310s
[focr-timing]       sam.block mlp 0.131s
[focr-timing]       sam.block attn(win) 0.078s
[focr-timing]       sam.block mlp 0.132s
[focr-timing]       sam.block attn(win) 0.088s
[focr-timing]       sam.block mlp 0.130s
[focr-timing]       sam.block attn(GLOBAL) 0.304s
[focr-timing]       sam.block mlp 0.131s
[focr-timing]       sam.block attn(win) 0.079s
[focr-timing]       sam.block mlp 0.136s
[focr-timing]       sam.block attn(win) 0.074s
[focr-timing]       sam.block mlp 0.126s
[focr-timing]       sam.block attn(GLOBAL) 0.314s
[focr-timing]       sam.block mlp 0.129s
[focr-timing]     sam.blocks 3.47s
[focr-timing]     sam.forward 3.56s
[focr-timing]   vision.sam 3.69s
[focr-timing]     clip.hydrate(cached) 0.41s
[focr-timing]     clip.blocks 0.61s
[focr-timing]   vision.clip 1.02s
[focr-timing]   vision.bridge 0.01s
[focr-timing] vision_tower 4.72s
[focr-timing] weight_cache_build 0.43s
[focr-timing] prefill 0.64s (277 tokens)
[focr-timing] decode 15.11s (495 tokens, 0.031s/tok)
[focr-timing] decode phases (ms): lm_head 5185  attn 6134  experts 3064  route 466
real 21.17
user 95.42
sys 16.49
