[focr-timing] preprocess 0.02s
[focr-timing]     sam.hydrate 0.11s
[focr-timing]       sam.block attn(win) 0.076s
[focr-timing]       sam.block mlp 0.128s
[focr-timing]       sam.block attn(win) 0.072s
[focr-timing]       sam.block mlp 0.125s
[focr-timing]       sam.block attn(GLOBAL) 0.304s
[focr-timing]       sam.block mlp 0.125s
[focr-timing]       sam.block attn(win) 0.074s
[focr-timing]       sam.block mlp 0.122s
[focr-timing]       sam.block attn(win) 0.074s
[focr-timing]       sam.block mlp 0.122s
[focr-timing]       sam.block attn(GLOBAL) 0.301s
[focr-timing]       sam.block mlp 0.129s
[focr-timing]       sam.block attn(win) 0.071s
[focr-timing]       sam.block mlp 0.132s
[focr-timing]       sam.block attn(win) 0.074s
[focr-timing]       sam.block mlp 0.125s
[focr-timing]       sam.block attn(GLOBAL) 0.296s
[focr-timing]       sam.block mlp 0.132s
[focr-timing]       sam.block attn(win) 0.076s
[focr-timing]       sam.block mlp 0.124s
[focr-timing]       sam.block attn(win) 0.071s
[focr-timing]       sam.block mlp 0.125s
[focr-timing]       sam.block attn(GLOBAL) 0.301s
[focr-timing]       sam.block mlp 0.128s
[focr-timing]     sam.blocks 3.35s
[focr-timing]     sam.forward 3.44s
[focr-timing]   vision.sam 3.56s
[focr-timing]     clip.hydrate(cached) 0.41s
[focr-timing]     clip.blocks 0.61s
[focr-timing]   vision.clip 1.02s
[focr-timing]   vision.bridge 0.01s
[focr-timing] vision_tower 4.59s
[focr-timing] weight_cache_build 0.46s
[focr-timing] prefill 0.63s (277 tokens)
[focr-timing] decode 14.19s (495 tokens, 0.029s/tok)
[focr-timing] decode phases (ms): lm_head 5177  attn 5254  experts 3042  route 458
real 20.16
user 96.51
sys 15.01
