[focr-timing] preprocess 0.03s
[focr-timing]     sam.hydrate 0.11s
[focr-timing]       sam.block attn(win) 0.074s
[focr-timing]       sam.block mlp 0.131s
[focr-timing]       sam.block attn(win) 0.072s
[focr-timing]       sam.block mlp 0.127s
[focr-timing]       sam.block attn(GLOBAL) 0.305s
[focr-timing]       sam.block mlp 0.126s
[focr-timing]       sam.block attn(win) 0.071s
[focr-timing]       sam.block mlp 0.122s
[focr-timing]       sam.block attn(win) 0.074s
[focr-timing]       sam.block mlp 0.122s
[focr-timing]       sam.block attn(GLOBAL) 0.294s
[focr-timing]       sam.block mlp 0.122s
[focr-timing]       sam.block attn(win) 0.078s
[focr-timing]       sam.block mlp 0.124s
[focr-timing]       sam.block attn(win) 0.073s
[focr-timing]       sam.block mlp 0.122s
[focr-timing]       sam.block attn(GLOBAL) 0.304s
[focr-timing]       sam.block mlp 0.129s
[focr-timing]       sam.block attn(win) 0.075s
[focr-timing]       sam.block mlp 0.120s
[focr-timing]       sam.block attn(win) 0.076s
[focr-timing]       sam.block mlp 0.125s
[focr-timing]       sam.block attn(GLOBAL) 0.295s
[focr-timing]       sam.block mlp 0.124s
[focr-timing]     sam.blocks 3.32s
[focr-timing]     sam.forward 3.40s
[focr-timing]   vision.sam 3.52s
[focr-timing]     clip.hydrate(cached) 0.40s
[focr-timing]     clip.blocks 0.59s
[focr-timing]   vision.clip 0.99s
[focr-timing]   vision.bridge 0.01s
[focr-timing] vision_tower 4.52s
[focr-timing] weight_cache_build 0.42s
[focr-timing] prefill 0.58s (277 tokens)
[focr-timing] decode 884.20s (32768 tokens, 0.027s/tok)
[focr-timing] decode phases (ms): lm_head 335129  attn 317677  experts 186344  route 28291
real 889.98
user 4701.76
sys 850.76
