[focr-timing] preprocess 0.02s
[focr-timing]     sam.hydrate 0.11s
[focr-timing]       sam.block attn(win) 0.071s
[focr-timing]       sam.block mlp 0.125s
[focr-timing]       sam.block attn(win) 0.071s
[focr-timing]       sam.block mlp 0.121s
[focr-timing]       sam.block attn(GLOBAL) 0.287s
[focr-timing]       sam.block mlp 0.121s
[focr-timing]       sam.block attn(win) 0.076s
[focr-timing]       sam.block mlp 0.128s
[focr-timing]       sam.block attn(win) 0.074s
[focr-timing]       sam.block mlp 0.120s
[focr-timing]       sam.block attn(GLOBAL) 0.291s
[focr-timing]       sam.block mlp 0.121s
[focr-timing]       sam.block attn(win) 0.076s
[focr-timing]       sam.block mlp 0.124s
[focr-timing]       sam.block attn(win) 0.071s
[focr-timing]       sam.block mlp 0.121s
[focr-timing]       sam.block attn(GLOBAL) 0.282s
[focr-timing]       sam.block mlp 0.122s
[focr-timing]       sam.block attn(win) 0.074s
[focr-timing]       sam.block mlp 0.125s
[focr-timing]       sam.block attn(win) 0.073s
[focr-timing]       sam.block mlp 0.123s
[focr-timing]       sam.block attn(GLOBAL) 0.287s
[focr-timing]       sam.block mlp 0.123s
[focr-timing]     sam.blocks 3.24s
[focr-timing]     sam.forward 3.32s
[focr-timing]   vision.sam 3.44s
[focr-timing]     clip.hydrate(cached) 0.39s
[focr-timing]     clip.blocks 0.59s
[focr-timing]   vision.clip 0.98s
[focr-timing]   vision.bridge 0.01s
[focr-timing] vision_tower 4.43s
[focr-timing] weight_cache_build 0.41s
[focr-timing] prefill 0.60s (277 tokens)
[focr-timing] decode 0.81s (32 tokens, 0.025s/tok)
[focr-timing] preprocess 0.02s
[focr-timing]     sam.hydrate 0.10s
[focr-timing]       sam.block attn(win) 0.079s
[focr-timing]       sam.block mlp 0.123s
[focr-timing]       sam.block attn(win) 0.075s
[focr-timing]       sam.block mlp 0.124s
[focr-timing]       sam.block attn(GLOBAL) 0.300s
[focr-timing]       sam.block mlp 0.131s
[focr-timing]       sam.block attn(win) 0.077s
[focr-timing]       sam.block mlp 0.125s
[focr-timing]       sam.block attn(win) 0.078s
[focr-timing]       sam.block mlp 0.124s
[focr-timing]       sam.block attn(GLOBAL) 0.288s
[focr-timing]       sam.block mlp 0.123s
[focr-timing]       sam.block attn(win) 0.076s
[focr-timing]       sam.block mlp 0.128s
[focr-timing]       sam.block attn(win) 0.075s
[focr-timing]       sam.block mlp 0.125s
[focr-timing]       sam.block attn(GLOBAL) 0.288s
[focr-timing]       sam.block mlp 0.120s
[focr-timing]       sam.block attn(win) 0.071s
[focr-timing]       sam.block mlp 0.119s
[focr-timing]       sam.block attn(win) 0.076s
[focr-timing]       sam.block mlp 0.126s
[focr-timing]       sam.block attn(GLOBAL) 0.286s
[focr-timing]       sam.block mlp 0.121s
[focr-timing]     sam.blocks 3.30s
[focr-timing]     sam.forward 3.39s
[focr-timing]   vision.sam 3.50s
[focr-timing]     clip.blocks 0.59s
[focr-timing]   vision.clip 0.59s
[focr-timing]   vision.bridge 0.01s
[focr-timing] vision_tower 4.11s
[focr-timing] weight_cache_build 0.00s
[focr-timing] prefill 0.59s (277 tokens)
[focr-timing] decode 0.81s (32 tokens, 0.025s/tok)
[focr-timing] preprocess 0.02s
[focr-timing]     sam.hydrate 0.08s
[focr-timing]       sam.block attn(win) 0.076s
[focr-timing]       sam.block mlp 0.131s
[focr-timing]       sam.block attn(win) 0.073s
[focr-timing]       sam.block mlp 0.127s
[focr-timing]       sam.block attn(GLOBAL) 0.291s
[focr-timing]       sam.block mlp 0.128s
[focr-timing]       sam.block attn(win) 0.074s
[focr-timing]       sam.block mlp 0.123s
[focr-timing]       sam.block attn(win) 0.074s
[focr-timing]       sam.block mlp 0.131s
[focr-timing]       sam.block attn(GLOBAL) 0.288s
[focr-timing]       sam.block mlp 0.125s
[focr-timing]       sam.block attn(win) 0.073s
[focr-timing]       sam.block mlp 0.127s
[focr-timing]       sam.block attn(win) 0.071s
[focr-timing]       sam.block mlp 0.128s
[focr-timing]       sam.block attn(GLOBAL) 0.283s
[focr-timing]       sam.block mlp 0.125s
[focr-timing]       sam.block attn(win) 0.076s
[focr-timing]       sam.block mlp 0.127s
[focr-timing]       sam.block attn(win) 0.074s
[focr-timing]       sam.block mlp 0.130s
[focr-timing]       sam.block attn(GLOBAL) 0.288s
[focr-timing]       sam.block mlp 0.129s
[focr-timing]     sam.blocks 3.31s
[focr-timing]     sam.forward 3.39s
[focr-timing]   vision.sam 3.49s
[focr-timing]     clip.blocks 0.59s
[focr-timing]   vision.clip 0.59s
[focr-timing]   vision.bridge 0.01s
[focr-timing] vision_tower 4.09s
[focr-timing] weight_cache_build 0.00s
[focr-timing] prefill 0.60s (277 tokens)
[focr-timing] decode 0.80s (32 tokens, 0.025s/tok)
[focr-timing] preprocess 0.02s
[focr-timing]     sam.hydrate 0.08s
[focr-timing]       sam.block attn(win) 0.074s
[focr-timing]       sam.block mlp 0.129s
[focr-timing]       sam.block attn(win) 0.074s
[focr-timing]       sam.block mlp 0.127s
[focr-timing]       sam.block attn(GLOBAL) 0.301s
[focr-timing]       sam.block mlp 0.124s
[focr-timing]       sam.block attn(win) 0.071s
[focr-timing]       sam.block mlp 0.129s
[focr-timing]       sam.block attn(win) 0.075s
[focr-timing]       sam.block mlp 0.128s
[focr-timing]       sam.block attn(GLOBAL) 0.280s
[focr-timing]       sam.block mlp 0.126s
[focr-timing]       sam.block attn(win) 0.073s
[focr-timing]       sam.block mlp 0.129s
[focr-timing]       sam.block attn(win) 0.082s
[focr-timing]       sam.block mlp 0.127s
[focr-timing]       sam.block attn(GLOBAL) 0.281s
[focr-timing]       sam.block mlp 0.126s
[focr-timing]       sam.block attn(win) 0.074s
[focr-timing]       sam.block mlp 0.131s
[focr-timing]       sam.block attn(win) 0.072s
[focr-timing]       sam.block mlp 0.125s
[focr-timing]       sam.block attn(GLOBAL) 0.283s
[focr-timing]       sam.block mlp 0.125s
[focr-timing]     sam.blocks 3.30s
[focr-timing]     sam.forward 3.38s
[focr-timing]   vision.sam 3.48s
[focr-timing]     clip.blocks 0.60s
[focr-timing]   vision.clip 0.60s
[focr-timing]   vision.bridge 0.01s
[focr-timing] vision_tower 4.08s
[focr-timing] weight_cache_build 0.00s
[focr-timing] prefill 0.60s (277 tokens)
[focr-timing] decode 0.82s (32 tokens, 0.026s/tok)
[focr-timing] preprocess 0.03s
[focr-timing]     sam.hydrate 0.08s
[focr-timing]       sam.block attn(win) 0.077s
[focr-timing]       sam.block mlp 0.131s
[focr-timing]       sam.block attn(win) 0.073s
[focr-timing]       sam.block mlp 0.131s
[focr-timing]       sam.block attn(GLOBAL) 0.291s
[focr-timing]       sam.block mlp 0.129s
[focr-timing]       sam.block attn(win) 0.074s
[focr-timing]       sam.block mlp 0.129s
[focr-timing]       sam.block attn(win) 0.076s
[focr-timing]       sam.block mlp 0.123s
[focr-timing]       sam.block attn(GLOBAL) 0.280s
[focr-timing]       sam.block mlp 0.127s
[focr-timing]       sam.block attn(win) 0.073s
[focr-timing]       sam.block mlp 0.130s
[focr-timing]       sam.block attn(win) 0.074s
[focr-timing]       sam.block mlp 0.127s
[focr-timing]       sam.block attn(GLOBAL) 0.283s
[focr-timing]       sam.block mlp 0.130s
[focr-timing]       sam.block attn(win) 0.074s
[focr-timing]       sam.block mlp 0.123s
[focr-timing]       sam.block attn(win) 0.076s
[focr-timing]       sam.block mlp 0.132s
[focr-timing]       sam.block attn(GLOBAL) 0.284s
[focr-timing]       sam.block mlp 0.133s
[focr-timing]     sam.blocks 3.31s
[focr-timing]     sam.forward 3.39s
[focr-timing]   vision.sam 3.49s
[focr-timing]     clip.blocks 0.60s
[focr-timing]   vision.clip 0.60s
[focr-timing]   vision.bridge 0.01s
[focr-timing] vision_tower 4.10s
[focr-timing] weight_cache_build 0.00s
[focr-timing] prefill 0.60s (277 tokens)
[focr-timing] decode 0.81s (32 tokens, 0.025s/tok)
real 28.90
user 149.21
sys 11.36
