[focr-timing] preprocess 0.02s
[focr-timing]     unlimited_vision.hydrate(cached) 0.11s
[focr-timing]       sam.block attn(win) 0.074s
[focr-timing]       sam.block mlp 0.126s
[focr-timing]       sam.block attn(win) 0.074s
[focr-timing]       sam.block mlp 0.124s
[focr-timing]       sam.block attn(GLOBAL) 0.302s
[focr-timing]       sam.block mlp 0.125s
[focr-timing]       sam.block attn(win) 0.072s
[focr-timing]       sam.block mlp 0.124s
[focr-timing]       sam.block attn(win) 0.077s
[focr-timing]       sam.block mlp 0.124s
[focr-timing]       sam.block attn(GLOBAL) 0.285s
[focr-timing]       sam.block mlp 0.121s
[focr-timing]       sam.block attn(win) 0.073s
[focr-timing]       sam.block mlp 0.127s
[focr-timing]       sam.block attn(win) 0.071s
[focr-timing]       sam.block mlp 0.128s
[focr-timing]       sam.block attn(GLOBAL) 0.286s
[focr-timing]       sam.block mlp 0.125s
[focr-timing]       sam.block attn(win) 0.075s
[focr-timing]       sam.block mlp 0.125s
[focr-timing]       sam.block attn(win) 0.072s
[focr-timing]       sam.block mlp 0.124s
[focr-timing]       sam.block attn(GLOBAL) 0.286s
[focr-timing]       sam.block mlp 0.124s
[focr-timing]     sam.blocks 3.28s
[focr-timing]   vision.sam 3.36s
[focr-timing]     clip.hydrate(cached) 0.40s
[focr-timing]     clip.blocks 0.59s
[focr-timing]   vision.clip 1.00s
[focr-timing]   vision.bridge 0.00s
[focr-timing] vision_tower 4.47s
[focr-timing] weight_cache_build 0.43s
[focr-timing] prefill 0.63s (277 tokens)
[focr-timing] decode 0.82s (32 tokens, 0.026s/tok)
[focr-timing] preprocess 0.02s
[focr-timing]       sam.block attn(win) 0.075s
[focr-timing]       sam.block mlp 0.125s
[focr-timing]       sam.block attn(win) 0.074s
[focr-timing]       sam.block mlp 0.129s
[focr-timing]       sam.block attn(GLOBAL) 0.288s
[focr-timing]       sam.block mlp 0.126s
[focr-timing]       sam.block attn(win) 0.074s
[focr-timing]       sam.block mlp 0.123s
[focr-timing]       sam.block attn(win) 0.074s
[focr-timing]       sam.block mlp 0.125s
[focr-timing]       sam.block attn(GLOBAL) 0.285s
[focr-timing]       sam.block mlp 0.122s
[focr-timing]       sam.block attn(win) 0.074s
[focr-timing]       sam.block mlp 0.125s
[focr-timing]       sam.block attn(win) 0.071s
[focr-timing]       sam.block mlp 0.129s
[focr-timing]       sam.block attn(GLOBAL) 0.283s
[focr-timing]       sam.block mlp 0.129s
[focr-timing]       sam.block attn(win) 0.072s
[focr-timing]       sam.block mlp 0.127s
[focr-timing]       sam.block attn(win) 0.074s
[focr-timing]       sam.block mlp 0.129s
[focr-timing]       sam.block attn(GLOBAL) 0.287s
[focr-timing]       sam.block mlp 0.130s
[focr-timing]     sam.blocks 3.28s
[focr-timing]   vision.sam 3.37s
[focr-timing]     clip.blocks 0.59s
[focr-timing]   vision.clip 0.59s
[focr-timing]   vision.bridge 0.00s
[focr-timing] vision_tower 3.97s
[focr-timing] weight_cache_build 0.00s
[focr-timing] prefill 0.61s (277 tokens)
[focr-timing] decode 0.82s (32 tokens, 0.026s/tok)
[focr-timing] preprocess 0.02s
[focr-timing]       sam.block attn(win) 0.073s
[focr-timing]       sam.block mlp 0.130s
[focr-timing]       sam.block attn(win) 0.074s
[focr-timing]       sam.block mlp 0.124s
[focr-timing]       sam.block attn(GLOBAL) 0.277s
[focr-timing]       sam.block mlp 0.127s
[focr-timing]       sam.block attn(win) 0.074s
[focr-timing]       sam.block mlp 0.126s
[focr-timing]       sam.block attn(win) 0.073s
[focr-timing]       sam.block mlp 0.126s
[focr-timing]       sam.block attn(GLOBAL) 0.286s
[focr-timing]       sam.block mlp 0.124s
[focr-timing]       sam.block attn(win) 0.074s
[focr-timing]       sam.block mlp 0.129s
[focr-timing]       sam.block attn(win) 0.073s
[focr-timing]       sam.block mlp 0.130s
[focr-timing]       sam.block attn(GLOBAL) 0.280s
[focr-timing]       sam.block mlp 0.131s
[focr-timing]       sam.block attn(win) 0.072s
[focr-timing]       sam.block mlp 0.126s
[focr-timing]       sam.block attn(win) 0.072s
[focr-timing]       sam.block mlp 0.132s
[focr-timing]       sam.block attn(GLOBAL) 0.289s
[focr-timing]       sam.block mlp 0.128s
[focr-timing]     sam.blocks 3.29s
[focr-timing]   vision.sam 3.36s
[focr-timing]     clip.blocks 0.60s
[focr-timing]   vision.clip 0.60s
[focr-timing]   vision.bridge 0.00s
[focr-timing] vision_tower 3.97s
[focr-timing] weight_cache_build 0.00s
[focr-timing] prefill 0.60s (277 tokens)
[focr-timing] decode 0.82s (32 tokens, 0.026s/tok)
[focr-timing] preprocess 0.02s
[focr-timing]       sam.block attn(win) 0.077s
[focr-timing]       sam.block mlp 0.130s
[focr-timing]       sam.block attn(win) 0.074s
[focr-timing]       sam.block mlp 0.127s
[focr-timing]       sam.block attn(GLOBAL) 0.285s
[focr-timing]       sam.block mlp 0.128s
[focr-timing]       sam.block attn(win) 0.079s
[focr-timing]       sam.block mlp 0.131s
[focr-timing]       sam.block attn(win) 0.079s
[focr-timing]       sam.block mlp 0.131s
[focr-timing]       sam.block attn(GLOBAL) 0.282s
[focr-timing]       sam.block mlp 0.130s
[focr-timing]       sam.block attn(win) 0.078s
[focr-timing]       sam.block mlp 0.126s
[focr-timing]       sam.block attn(win) 0.076s
[focr-timing]       sam.block mlp 0.128s
[focr-timing]       sam.block attn(GLOBAL) 0.283s
[focr-timing]       sam.block mlp 0.130s
[focr-timing]       sam.block attn(win) 0.072s
[focr-timing]       sam.block mlp 0.128s
[focr-timing]       sam.block attn(win) 0.073s
[focr-timing]       sam.block mlp 0.126s
[focr-timing]       sam.block attn(GLOBAL) 0.284s
[focr-timing]       sam.block mlp 0.129s
[focr-timing]     sam.blocks 3.32s
[focr-timing]   vision.sam 3.40s
[focr-timing]     clip.blocks 0.60s
[focr-timing]   vision.clip 0.60s
[focr-timing]   vision.bridge 0.00s
[focr-timing] vision_tower 4.00s
[focr-timing] weight_cache_build 0.00s
[focr-timing] prefill 0.61s (277 tokens)
[focr-timing] decode 0.83s (32 tokens, 0.026s/tok)
[focr-timing] preprocess 0.02s
[focr-timing]       sam.block attn(win) 0.076s
[focr-timing]       sam.block mlp 0.125s
[focr-timing]       sam.block attn(win) 0.073s
[focr-timing]       sam.block mlp 0.133s
[focr-timing]       sam.block attn(GLOBAL) 0.281s
[focr-timing]       sam.block mlp 0.132s
[focr-timing]       sam.block attn(win) 0.080s
[focr-timing]       sam.block mlp 0.128s
[focr-timing]       sam.block attn(win) 0.077s
[focr-timing]       sam.block mlp 0.133s
[focr-timing]       sam.block attn(GLOBAL) 0.288s
[focr-timing]       sam.block mlp 0.132s
[focr-timing]       sam.block attn(win) 0.076s
[focr-timing]       sam.block mlp 0.129s
[focr-timing]       sam.block attn(win) 0.070s
[focr-timing]       sam.block mlp 0.130s
[focr-timing]       sam.block attn(GLOBAL) 0.289s
[focr-timing]       sam.block mlp 0.131s
[focr-timing]       sam.block attn(win) 0.075s
[focr-timing]       sam.block mlp 0.130s
[focr-timing]       sam.block attn(win) 0.074s
[focr-timing]       sam.block mlp 0.129s
[focr-timing]       sam.block attn(GLOBAL) 0.286s
[focr-timing]       sam.block mlp 0.127s
[focr-timing]     sam.blocks 3.34s
[focr-timing]   vision.sam 3.42s
[focr-timing]     clip.blocks 0.60s
[focr-timing]   vision.clip 0.60s
[focr-timing]   vision.bridge 0.00s
[focr-timing] vision_tower 4.02s
[focr-timing] weight_cache_build 0.00s
[focr-timing] prefill 0.60s (277 tokens)
[focr-timing] decode 0.83s (32 tokens, 0.026s/tok)
real 28.75
user 149.80
sys 10.90
