[focr-timing] preprocess 0.02s
[focr-timing]     sam.hydrate 0.11s
[focr-timing]       sam.block attn(win) 0.072s
[focr-timing]       sam.block mlp 0.123s
[focr-timing]       sam.block attn(win) 0.069s
[focr-timing]       sam.block mlp 0.122s
[focr-timing]       sam.block attn(GLOBAL) 0.278s
[focr-timing]       sam.block mlp 0.122s
[focr-timing]       sam.block attn(win) 0.072s
[focr-timing]       sam.block mlp 0.127s
[focr-timing]       sam.block attn(win) 0.069s
[focr-timing]       sam.block mlp 0.120s
[focr-timing]       sam.block attn(GLOBAL) 0.293s
[focr-timing]       sam.block mlp 0.128s
[focr-timing]       sam.block attn(win) 0.069s
[focr-timing]       sam.block mlp 0.121s
[focr-timing]       sam.block attn(win) 0.069s
[focr-timing]       sam.block mlp 0.126s
[focr-timing]       sam.block attn(GLOBAL) 0.288s
[focr-timing]       sam.block mlp 0.123s
[focr-timing]       sam.block attn(win) 0.072s
[focr-timing]       sam.block mlp 0.127s
[focr-timing]       sam.block attn(win) 0.072s
[focr-timing]       sam.block mlp 0.121s
[focr-timing]       sam.block attn(GLOBAL) 0.290s
[focr-timing]       sam.block mlp 0.128s
[focr-timing]     sam.blocks 3.23s
[focr-timing]     sam.forward 3.32s
[focr-timing]   vision.sam 3.44s
[focr-timing]     clip.hydrate(cached) 0.40s
[focr-timing]     clip.blocks 0.60s
[focr-timing]   vision.clip 1.00s
[focr-timing]   vision.bridge 0.01s
[focr-timing] vision_tower 4.45s
[focr-timing] weight_cache_build 0.42s
[focr-timing] prefill 0.64s (277 tokens)
[focr-timing] decode 13.30s (495 tokens, 0.027s/tok)
[focr-timing] decode phases (ms): lm_head 4905  attn 4944  experts 2938  route 425
real 19.08
user 100.21
sys 17.73
