[focr-timing] preprocess 0.02s
[focr-timing]     sam.hydrate 0.11s
[focr-timing]       sam.block attn(win) 0.070s
[focr-timing]       sam.block mlp 0.121s
[focr-timing]       sam.block attn(win) 0.071s
[focr-timing]       sam.block mlp 0.121s
[focr-timing]       sam.block attn(GLOBAL) 0.315s
[focr-timing]       sam.block mlp 0.123s
[focr-timing]       sam.block attn(win) 0.077s
[focr-timing]       sam.block mlp 0.123s
[focr-timing]       sam.block attn(win) 0.070s
[focr-timing]       sam.block mlp 0.125s
[focr-timing]       sam.block attn(GLOBAL) 0.282s
[focr-timing]       sam.block mlp 0.124s
[focr-timing]       sam.block attn(win) 0.074s
[focr-timing]       sam.block mlp 0.126s
[focr-timing]       sam.block attn(win) 0.072s
[focr-timing]       sam.block mlp 0.125s
[focr-timing]       sam.block attn(GLOBAL) 0.280s
[focr-timing]       sam.block mlp 0.126s
[focr-timing]       sam.block attn(win) 0.074s
[focr-timing]       sam.block mlp 0.121s
[focr-timing]       sam.block attn(win) 0.073s
[focr-timing]       sam.block mlp 0.126s
[focr-timing]       sam.block attn(GLOBAL) 0.291s
[focr-timing]       sam.block mlp 0.129s
[focr-timing]     sam.blocks 3.27s
[focr-timing]     sam.forward 3.36s
[focr-timing]   vision.sam 3.48s
[focr-timing]     clip.hydrate(cached) 0.41s
[focr-timing]     clip.blocks 0.59s
[focr-timing]   vision.clip 1.00s
[focr-timing]   vision.bridge 0.01s
[focr-timing] vision_tower 4.49s
[focr-timing] weight_cache_build 0.42s
[focr-timing] prefill 0.63s (277 tokens)
[focr-timing] decode 13.34s (495 tokens, 0.027s/tok)
[focr-timing] decode phases (ms): lm_head 4917  attn 4959  experts 2949  route 427
real 19.15
user 100.01
sys 17.66
