[focr-timing] preprocess 0.02s
[focr-timing]     sam.hydrate 0.11s
[focr-timing]       sam.block attn(win) 0.073s
[focr-timing]       sam.block mlp 0.130s
[focr-timing]       sam.block attn(win) 0.072s
[focr-timing]       sam.block mlp 0.123s
[focr-timing]       sam.block attn(GLOBAL) 0.306s
[focr-timing]       sam.block mlp 0.121s
[focr-timing]       sam.block attn(win) 0.072s
[focr-timing]       sam.block mlp 0.125s
[focr-timing]       sam.block attn(win) 0.073s
[focr-timing]       sam.block mlp 0.127s
[focr-timing]       sam.block attn(GLOBAL) 0.307s
[focr-timing]       sam.block mlp 0.127s
[focr-timing]       sam.block attn(win) 0.073s
[focr-timing]       sam.block mlp 0.122s
[focr-timing]       sam.block attn(win) 0.070s
[focr-timing]       sam.block mlp 0.122s
[focr-timing]       sam.block attn(GLOBAL) 0.303s
[focr-timing]       sam.block mlp 0.123s
[focr-timing]       sam.block attn(win) 0.075s
[focr-timing]       sam.block mlp 0.124s
[focr-timing]       sam.block attn(win) 0.078s
[focr-timing]       sam.block mlp 0.126s
[focr-timing]       sam.block attn(GLOBAL) 0.300s
[focr-timing]       sam.block mlp 0.124s
[focr-timing]     sam.blocks 3.33s
[focr-timing]     sam.forward 3.41s
[focr-timing]   vision.sam 3.53s
[focr-timing]     clip.hydrate(cached) 0.41s
[focr-timing]     clip.blocks 0.59s
[focr-timing]   vision.clip 0.99s
[focr-timing]   vision.bridge 0.01s
[focr-timing] vision_tower 4.53s
[focr-timing] weight_cache_build 0.42s
[focr-timing] prefill 0.62s (277 tokens)
[focr-timing] decode 13.01s (495 tokens, 0.026s/tok)
[focr-timing] decode phases (ms): lm_head 5052  attn 4662  experts 2784  route 425
real 18.86
user 98.16
sys 14.56
