[focr-timing] preprocess 0.02s
[focr-timing]     unlimited_vision.hydrate(cached) 0.11s
[focr-timing]       sam.block attn(win) 0.077s
[focr-timing]       sam.block mlp 0.125s
[focr-timing]       sam.block attn(win) 0.072s
[focr-timing]       sam.block mlp 0.122s
[focr-timing]       sam.block attn(GLOBAL) 0.298s
[focr-timing]       sam.block mlp 0.121s
[focr-timing]       sam.block attn(win) 0.071s
[focr-timing]       sam.block mlp 0.124s
[focr-timing]       sam.block attn(win) 0.076s
[focr-timing]       sam.block mlp 0.126s
[focr-timing]       sam.block attn(GLOBAL) 0.286s
[focr-timing]       sam.block mlp 0.129s
[focr-timing]       sam.block attn(win) 0.071s
[focr-timing]       sam.block mlp 0.122s
[focr-timing]       sam.block attn(win) 0.077s
[focr-timing]       sam.block mlp 0.121s
[focr-timing]       sam.block attn(GLOBAL) 0.284s
[focr-timing]       sam.block mlp 0.123s
[focr-timing]       sam.block attn(win) 0.070s
[focr-timing]       sam.block mlp 0.121s
[focr-timing]       sam.block attn(win) 0.075s
[focr-timing]       sam.block mlp 0.128s
[focr-timing]       sam.block attn(GLOBAL) 0.281s
[focr-timing]       sam.block mlp 0.126s
[focr-timing]     sam.blocks 3.26s
[focr-timing]   vision.sam 3.34s
[focr-timing]     clip.hydrate(cached) 0.41s
[focr-timing]     clip.blocks 0.59s
[focr-timing]   vision.clip 0.99s
[focr-timing]   vision.bridge 0.00s
[focr-timing] vision_tower 4.46s
[focr-timing] weight_cache_build 0.43s
[focr-timing] prefill 0.62s (277 tokens)
[focr-timing] decode 0.83s (32 tokens, 0.026s/tok)
[focr-timing] decode phases (ms): lm_head 326  attn 291  experts 183  route 27
real 6.61
user 31.58
sys 2.66
