[focr-timing] preprocess 0.02s
[focr-timing]     sam.hydrate 0.11s
[focr-timing]       sam.block attn(win) 0.072s
[focr-timing]       sam.block mlp 0.124s
[focr-timing]       sam.block attn(win) 0.070s
[focr-timing]       sam.block mlp 0.124s
[focr-timing]       sam.block attn(GLOBAL) 0.305s
[focr-timing]       sam.block mlp 0.121s
[focr-timing]       sam.block attn(win) 0.075s
[focr-timing]       sam.block mlp 0.128s
[focr-timing]       sam.block attn(win) 0.072s
[focr-timing]       sam.block mlp 0.122s
[focr-timing]       sam.block attn(GLOBAL) 0.297s
[focr-timing]       sam.block mlp 0.124s
[focr-timing]       sam.block attn(win) 0.074s
[focr-timing]       sam.block mlp 0.125s
[focr-timing]       sam.block attn(win) 0.073s
[focr-timing]       sam.block mlp 0.126s
[focr-timing]       sam.block attn(GLOBAL) 0.296s
[focr-timing]       sam.block mlp 0.126s
[focr-timing]       sam.block attn(win) 0.075s
[focr-timing]       sam.block mlp 0.126s
[focr-timing]       sam.block attn(win) 0.073s
[focr-timing]       sam.block mlp 0.122s
[focr-timing]       sam.block attn(GLOBAL) 0.304s
[focr-timing]       sam.block mlp 0.126s
[focr-timing]     sam.blocks 3.31s
[focr-timing]     sam.forward 3.39s
[focr-timing]   vision.sam 3.51s
[focr-timing]     clip.hydrate(cached) 0.41s
[focr-timing]     clip.blocks 0.63s
[focr-timing]   vision.clip 1.04s
[focr-timing]   vision.bridge 0.01s
[focr-timing] vision_tower 4.56s
[focr-timing] weight_cache_build 0.42s
[focr-timing] prefill 0.62s (277 tokens)
[focr-timing] decode 0.84s (32 tokens, 0.026s/tok)
[focr-timing] decode phases (ms): lm_head 328  attn 296  experts 183  route 27
real 6.70
user 32.04
sys 2.65
