[focr-timing] preprocess 0.02s
[focr-timing]     sam.hydrate 0.11s
[focr-timing]       sam.block attn(win) 0.073s
[focr-timing]       sam.block mlp 0.123s
[focr-timing]       sam.block attn(win) 0.074s
[focr-timing]       sam.block mlp 0.126s
[focr-timing]       sam.block attn(GLOBAL) 0.308s
[focr-timing]       sam.block mlp 0.128s
[focr-timing]       sam.block attn(win) 0.076s
[focr-timing]       sam.block mlp 0.128s
[focr-timing]       sam.block attn(win) 0.073s
[focr-timing]       sam.block mlp 0.125s
[focr-timing]       sam.block attn(GLOBAL) 0.301s
[focr-timing]       sam.block mlp 0.125s
[focr-timing]       sam.block attn(win) 0.076s
[focr-timing]       sam.block mlp 0.126s
[focr-timing]       sam.block attn(win) 0.072s
[focr-timing]       sam.block mlp 0.122s
[focr-timing]       sam.block attn(GLOBAL) 0.303s
[focr-timing]       sam.block mlp 0.125s
[focr-timing]       sam.block attn(win) 0.074s
[focr-timing]       sam.block mlp 0.128s
[focr-timing]       sam.block attn(win) 0.076s
[focr-timing]       sam.block mlp 0.126s
[focr-timing]       sam.block attn(GLOBAL) 0.298s
[focr-timing]       sam.block mlp 0.126s
[focr-timing]     sam.blocks 3.35s
[focr-timing]     sam.forward 3.43s
[focr-timing]   vision.sam 3.55s
[focr-timing]     clip.hydrate(cached) 0.40s
[focr-timing]     clip.blocks 0.60s
[focr-timing]   vision.clip 1.01s
[focr-timing]   vision.bridge 0.01s
[focr-timing] vision_tower 4.56s
[focr-timing] weight_cache_build 0.42s
[focr-timing] prefill 0.98s (277 tokens)
[focr-timing] decode 0.83s (32 tokens, 0.026s/tok)
[focr-timing] decode phases (ms): lm_head 331  attn 290  experts 174  route 27
real 7.05
user 32.46
sys 3.07
