[focr-timing] preprocess 0.02s
[focr-timing]     sam.hydrate 0.11s
[focr-timing]       sam.block attn(win) 0.073s
[focr-timing]       sam.block mlp 0.121s
[focr-timing]       sam.block attn(win) 0.077s
[focr-timing]       sam.block mlp 0.125s
[focr-timing]       sam.block attn(GLOBAL) 0.307s
[focr-timing]       sam.block mlp 0.128s
[focr-timing]       sam.block attn(win) 0.074s
[focr-timing]       sam.block mlp 0.125s
[focr-timing]       sam.block attn(win) 0.074s
[focr-timing]       sam.block mlp 0.130s
[focr-timing]       sam.block attn(GLOBAL) 0.294s
[focr-timing]       sam.block mlp 0.130s
[focr-timing]       sam.block attn(win) 0.077s
[focr-timing]       sam.block mlp 0.128s
[focr-timing]       sam.block attn(win) 0.072s
[focr-timing]       sam.block mlp 0.126s
[focr-timing]       sam.block attn(GLOBAL) 0.300s
[focr-timing]       sam.block mlp 0.126s
[focr-timing]       sam.block attn(win) 0.074s
[focr-timing]       sam.block mlp 0.128s
[focr-timing]       sam.block attn(win) 0.074s
[focr-timing]       sam.block mlp 0.123s
[focr-timing]       sam.block attn(GLOBAL) 0.296s
[focr-timing]       sam.block mlp 0.130s
[focr-timing]     sam.blocks 3.35s
[focr-timing]     sam.forward 3.43s
[focr-timing]   vision.sam 3.55s
[focr-timing]     clip.hydrate(cached) 0.39s
[focr-timing]     clip.blocks 0.62s
[focr-timing]   vision.clip 1.01s
[focr-timing]   vision.bridge 0.01s
[focr-timing] vision_tower 4.56s
[focr-timing] weight_cache_build 0.42s
[focr-timing] prefill 1.24s (277 tokens)
[focr-timing] decode 0.83s (32 tokens, 0.026s/tok)
[focr-timing] decode phases (ms): lm_head 325  attn 294  experts 180  route 27
real 7.31
user 32.94
sys 3.48
