[focr-timing] preprocess 0.03s
[focr-timing]     sam.hydrate 0.09s
[focr-timing]       sam.block attn(win) 0.075s
[focr-timing]       sam.block mlp 0.152s
[focr-timing]       sam.block attn(win) 0.089s
[focr-timing]       sam.block mlp 0.127s
[focr-timing]       sam.block attn(GLOBAL) 0.316s
[focr-timing]       sam.block mlp 0.125s
[focr-timing]       sam.block attn(win) 0.073s
[focr-timing]       sam.block mlp 0.123s
[focr-timing]       sam.block attn(win) 0.071s
[focr-timing]       sam.block mlp 0.125s
[focr-timing]       sam.block attn(GLOBAL) 0.292s
[focr-timing]       sam.block mlp 0.119s
[focr-timing]       sam.block attn(win) 0.073s
[focr-timing]       sam.block mlp 0.120s
[focr-timing]       sam.block attn(win) 0.073s
[focr-timing]       sam.block mlp 0.122s
[focr-timing]       sam.block attn(GLOBAL) 0.299s
[focr-timing]       sam.block mlp 0.120s
[focr-timing]       sam.block attn(win) 0.079s
[focr-timing]       sam.block mlp 0.127s
[focr-timing]       sam.block attn(win) 0.073s
[focr-timing]       sam.block mlp 0.126s
[focr-timing]       sam.block attn(GLOBAL) 0.298s
[focr-timing]       sam.block mlp 0.122s
[focr-timing]     sam.blocks 3.36s
[focr-timing]     sam.forward 3.44s
[focr-timing]   vision.sam 3.55s
[focr-timing]     clip.hydrate(cached) 0.37s
[focr-timing]     clip.blocks 0.57s
[focr-timing]   vision.clip 0.94s
[focr-timing]   vision.bridge 0.01s
[focr-timing] vision_tower 4.50s
[focr-timing] weight_cache_build_i8 1.13s
[focr-timing] prefill_i8 0.49s (277 tokens)
[focr-timing] decode_i8 1.65s (98 tokens, 0.017s/tok)
