[focr-timing] preprocess 0.03s
[focr-timing]     sam.hydrate 0.10s
[focr-timing]       sam.block attn(win) 0.082s
[focr-timing]       sam.block mlp 0.124s
[focr-timing]       sam.block attn(win) 0.073s
[focr-timing]       sam.block mlp 0.123s
[focr-timing]       sam.block attn(GLOBAL) 0.290s
[focr-timing]       sam.block mlp 0.117s
[focr-timing]       sam.block attn(win) 0.076s
[focr-timing]       sam.block mlp 0.126s
[focr-timing]       sam.block attn(win) 0.072s
[focr-timing]       sam.block mlp 0.127s
[focr-timing]       sam.block attn(GLOBAL) 0.293s
[focr-timing]       sam.block mlp 0.120s
[focr-timing]       sam.block attn(win) 0.072s
[focr-timing]       sam.block mlp 0.123s
[focr-timing]       sam.block attn(win) 0.067s
[focr-timing]       sam.block mlp 0.124s
[focr-timing]       sam.block attn(GLOBAL) 0.292s
[focr-timing]       sam.block mlp 0.113s
[focr-timing]       sam.block attn(win) 0.069s
[focr-timing]       sam.block mlp 0.126s
[focr-timing]       sam.block attn(win) 0.072s
[focr-timing]       sam.block mlp 0.120s
[focr-timing]       sam.block attn(GLOBAL) 0.291s
[focr-timing]       sam.block mlp 0.121s
[focr-timing]     sam.blocks 3.25s
[focr-timing]     sam.forward 3.33s
[focr-timing]   vision.sam 3.44s
[focr-timing]     clip.hydrate(cached) 0.37s
[focr-timing]     clip.blocks 0.56s
[focr-timing]   vision.clip 0.92s
[focr-timing]   vision.bridge 0.01s
[focr-timing] vision_tower 4.38s
[focr-timing] weight_cache_build_i8 1.16s
[focr-timing] prefill_i8 0.60s (277 tokens)
[focr-timing] decode_i8 1.64s (98 tokens, 0.017s/tok)
